<?xml version="1.0" encoding="UTF-8"?>
<coverage generated="1610729421871" clover="3.2.0">
  <project timestamp="1610729421871" name="All files">
    <metrics statements="96" coveredstatements="84" conditionals="31" coveredconditionals="28" methods="28" coveredmethods="22" elements="155" coveredelements="134" complexity="0" loc="96" ncloc="96" packages="1" files="5" classes="5"/>
    <file name="ChargeStation.js" path="C:\Dev\JavaScript\whitehatbootcamp\src\scooter-hire\classes\ChargeStation.js">
      <metrics statements="44" coveredstatements="32" conditionals="8" coveredconditionals="6" methods="12" coveredmethods="6"/>
      <line num="1" count="2" type="stmt"/>
      <line num="2" count="2" type="stmt"/>
      <line num="6" count="2" type="stmt"/>
      <line num="15" count="9" type="stmt"/>
      <line num="16" count="9" type="stmt"/>
      <line num="17" count="9" type="stmt"/>
      <line num="18" count="9" type="stmt"/>
      <line num="19" count="9" type="stmt"/>
      <line num="20" count="9" type="stmt"/>
      <line num="25" count="2" type="cond" truecount="2" falsecount="0"/>
      <line num="26" count="1" type="stmt"/>
      <line num="34" count="0" type="stmt"/>
      <line num="35" count="0" type="stmt"/>
      <line num="36" count="0" type="stmt"/>
      <line num="37" count="0" type="stmt"/>
      <line num="38" count="0" type="stmt"/>
      <line num="39" count="0" type="cond" truecount="0" falsecount="2"/>
      <line num="41" count="0" type="stmt"/>
      <line num="42" count="0" type="stmt"/>
      <line num="54" count="1" type="stmt"/>
      <line num="55" count="7" type="cond" truecount="2" falsecount="0"/>
      <line num="56" count="1" type="stmt"/>
      <line num="60" count="1" type="stmt"/>
      <line num="61" count="1" type="stmt"/>
      <line num="72" count="3" type="stmt"/>
      <line num="73" count="3" type="stmt"/>
      <line num="74" count="3" type="stmt"/>
      <line num="75" count="3" type="stmt"/>
      <line num="77" count="3" type="stmt"/>
      <line num="78" count="12" type="stmt"/>
      <line num="79" count="12" type="stmt"/>
      <line num="80" count="12" type="stmt"/>
      <line num="82" count="12" type="cond" truecount="2" falsecount="0"/>
      <line num="83" count="3" type="stmt"/>
      <line num="84" count="3" type="stmt"/>
      <line num="85" count="3" type="stmt"/>
      <line num="86" count="3" type="stmt"/>
      <line num="90" count="3" type="stmt"/>
      <line num="91" count="3" type="stmt"/>
      <line num="98" count="0" type="stmt"/>
      <line num="99" count="0" type="stmt"/>
      <line num="101" count="0" type="stmt"/>
      <line num="102" count="0" type="stmt"/>
      <line num="107" count="2" type="stmt"/>
    </file>
    <file name="Customer.js" path="C:\Dev\JavaScript\whitehatbootcamp\src\scooter-hire\classes\Customer.js">
      <metrics statements="23" coveredstatements="23" conditionals="13" coveredconditionals="13" methods="6" coveredmethods="6"/>
      <line num="1" count="1" type="stmt"/>
      <line num="2" count="1" type="stmt"/>
      <line num="3" count="1" type="stmt"/>
      <line num="15" count="13" type="stmt"/>
      <line num="16" count="13" type="stmt"/>
      <line num="17" count="13" type="stmt"/>
      <line num="18" count="13" type="stmt"/>
      <line num="19" count="13" type="stmt"/>
      <line num="23" count="3" type="cond" truecount="2" falsecount="0"/>
      <line num="24" count="2" type="cond" truecount="2" falsecount="0"/>
      <line num="26" count="1" type="stmt"/>
      <line num="27" count="1" type="stmt"/>
      <line num="31" count="2" type="cond" truecount="2" falsecount="0"/>
      <line num="40" count="8" type="cond" truecount="2" falsecount="0"/>
      <line num="48" count="6" type="cond" truecount="2" falsecount="0"/>
      <line num="50" count="5" type="stmt"/>
      <line num="51" count="5" type="stmt"/>
      <line num="52" count="5" type="stmt"/>
      <line num="53" count="5" type="stmt"/>
      <line num="60" count="2" type="stmt"/>
      <line num="61" count="2" type="stmt"/>
      <line num="62" count="2" type="stmt"/>
      <line num="66" count="1" type="stmt"/>
    </file>
    <file name="ElectricScooter.js" path="C:\Dev\JavaScript\whitehatbootcamp\src\scooter-hire\classes\ElectricScooter.js">
      <metrics statements="16" coveredstatements="16" conditionals="9" coveredconditionals="8" methods="5" coveredmethods="5"/>
      <line num="1" count="3" type="stmt"/>
      <line num="4" count="13" type="stmt"/>
      <line num="5" count="13" type="stmt"/>
      <line num="9" count="5" type="stmt"/>
      <line num="13" count="5" type="stmt"/>
      <line num="14" count="5" type="stmt"/>
      <line num="15" count="5" type="cond" truecount="2" falsecount="0"/>
      <line num="19" count="1" type="stmt"/>
      <line num="20" count="1" type="stmt"/>
      <line num="21" count="1" type="stmt"/>
      <line num="22" count="1" type="stmt"/>
      <line num="23" count="1" type="cond" truecount="1" falsecount="1"/>
      <line num="27" count="3" type="cond" truecount="2" falsecount="0"/>
      <line num="28" count="2" type="cond" truecount="2" falsecount="0"/>
      <line num="29" count="1" type="stmt"/>
      <line num="33" count="3" type="stmt"/>
    </file>
    <file name="Scooter.js" path="C:\Dev\JavaScript\whitehatbootcamp\src\scooter-hire\classes\Scooter.js">
      <metrics statements="6" coveredstatements="6" conditionals="1" coveredconditionals="1" methods="3" coveredmethods="3"/>
      <line num="1" count="4" type="stmt"/>
      <line num="6" count="4" type="stmt"/>
      <line num="13" count="20" type="stmt"/>
      <line num="14" count="20" type="stmt"/>
      <line num="22" count="6" type="stmt"/>
      <line num="35" count="4" type="stmt"/>
    </file>
    <file name="Utility.js" path="C:\Dev\JavaScript\whitehatbootcamp\src\scooter-hire\classes\Utility.js">
      <metrics statements="7" coveredstatements="7" conditionals="0" coveredconditionals="0" methods="2" coveredmethods="2"/>
      <line num="2" count="30" type="stmt"/>
      <line num="3" count="30" type="stmt"/>
      <line num="4" count="216" type="stmt"/>
      <line num="5" count="216" type="stmt"/>
      <line num="7" count="30" type="stmt"/>
      <line num="11" count="1" type="stmt"/>
      <line num="14" count="5" type="stmt"/>
    </file>
  </project>
</coverage>
