{"C:\\Dev\\JavaScript\\whitehatbootcamp\\src\\airport\\classes\\Airport.js": {"path":"C:\\Dev\\JavaScript\\whitehatbootcamp\\src\\airport\\classes\\Airport.js","statementMap":{"0":{"start":{"line":1,"column":14},"end":{"line":1,"column":32}},"1":{"start":{"line":2,"column":11},"end":{"line":2,"column":24}},"2":{"start":{"line":5,"column":22},"end":{"line":5,"column":24}},"3":{"start":{"line":12,"column":8},"end":{"line":12,"column":24}},"4":{"start":{"line":13,"column":8},"end":{"line":13,"column":24}},"5":{"start":{"line":14,"column":8},"end":{"line":14,"column":44}},"6":{"start":{"line":22,"column":8},"end":{"line":22,"column":79}},"7":{"start":{"line":23,"column":8},"end":{"line":23,"column":31}},"8":{"start":{"line":33,"column":8},"end":{"line":37,"column":10}},"9":{"start":{"line":34,"column":12},"end":{"line":36,"column":13}},"10":{"start":{"line":35,"column":16},"end":{"line":35,"column":29}},"11":{"start":{"line":39,"column":8},"end":{"line":43,"column":9}},"12":{"start":{"line":40,"column":12},"end":{"line":40,"column":80}},"13":{"start":{"line":42,"column":12},"end":{"line":42,"column":22}},"14":{"start":{"line":52,"column":22},"end":{"line":52,"column":48}},"15":{"start":{"line":53,"column":8},"end":{"line":53,"column":36}},"16":{"start":{"line":54,"column":8},"end":{"line":54,"column":110}},"17":{"start":{"line":56,"column":8},"end":{"line":60,"column":10}},"18":{"start":{"line":57,"column":12},"end":{"line":59,"column":13}},"19":{"start":{"line":58,"column":16},"end":{"line":58,"column":40}},"20":{"start":{"line":67,"column":8},"end":{"line":67,"column":34}},"21":{"start":{"line":74,"column":8},"end":{"line":85,"column":11}},"22":{"start":{"line":75,"column":12},"end":{"line":84,"column":14}},"23":{"start":{"line":76,"column":16},"end":{"line":76,"column":43}},"24":{"start":{"line":76,"column":25},"end":{"line":76,"column":43}},"25":{"start":{"line":78,"column":33},"end":{"line":78,"column":57}},"26":{"start":{"line":79,"column":34},"end":{"line":79,"column":161}},"27":{"start":{"line":79,"column":78},"end":{"line":79,"column":118}},"28":{"start":{"line":79,"column":139},"end":{"line":79,"column":160}},"29":{"start":{"line":81,"column":16},"end":{"line":81,"column":64}},"30":{"start":{"line":81,"column":44},"end":{"line":81,"column":62}},"31":{"start":{"line":83,"column":16},"end":{"line":83,"column":32}},"32":{"start":{"line":90,"column":0},"end":{"line":90,"column":24}}},"fnMap":{"0":{"name":"(anonymous_0)","decl":{"start":{"line":11,"column":4},"end":{"line":11,"column":5}},"loc":{"start":{"line":11,"column":21},"end":{"line":15,"column":5}},"line":11},"1":{"name":"(anonymous_1)","decl":{"start":{"line":21,"column":4},"end":{"line":21,"column":5}},"loc":{"start":{"line":21,"column":20},"end":{"line":24,"column":5}},"line":21},"2":{"name":"(anonymous_2)","decl":{"start":{"line":31,"column":4},"end":{"line":31,"column":5}},"loc":{"start":{"line":31,"column":21},"end":{"line":45,"column":5}},"line":31},"3":{"name":"(anonymous_3)","decl":{"start":{"line":33,"column":42},"end":{"line":33,"column":43}},"loc":{"start":{"line":33,"column":53},"end":{"line":37,"column":9}},"line":33},"4":{"name":"(anonymous_4)","decl":{"start":{"line":51,"column":4},"end":{"line":51,"column":5}},"loc":{"start":{"line":51,"column":23},"end":{"line":61,"column":5}},"line":51},"5":{"name":"(anonymous_5)","decl":{"start":{"line":56,"column":42},"end":{"line":56,"column":43}},"loc":{"start":{"line":56,"column":53},"end":{"line":60,"column":9}},"line":56},"6":{"name":"(anonymous_6)","decl":{"start":{"line":66,"column":4},"end":{"line":66,"column":5}},"loc":{"start":{"line":66,"column":17},"end":{"line":68,"column":5}},"line":66},"7":{"name":"(anonymous_7)","decl":{"start":{"line":73,"column":4},"end":{"line":73,"column":5}},"loc":{"start":{"line":73,"column":14},"end":{"line":86,"column":5}},"line":73},"8":{"name":"(anonymous_8)","decl":{"start":{"line":74,"column":27},"end":{"line":74,"column":28}},"loc":{"start":{"line":74,"column":48},"end":{"line":85,"column":9}},"line":74},"9":{"name":"(anonymous_9)","decl":{"start":{"line":75,"column":58},"end":{"line":75,"column":59}},"loc":{"start":{"line":75,"column":73},"end":{"line":84,"column":13}},"line":75},"10":{"name":"(anonymous_10)","decl":{"start":{"line":79,"column":63},"end":{"line":79,"column":64}},"loc":{"start":{"line":79,"column":78},"end":{"line":79,"column":118}},"line":79},"11":{"name":"(anonymous_11)","decl":{"start":{"line":79,"column":124},"end":{"line":79,"column":125}},"loc":{"start":{"line":79,"column":139},"end":{"line":79,"column":160}},"line":79}},"branchMap":{"0":{"loc":{"start":{"line":34,"column":12},"end":{"line":36,"column":13}},"type":"if","locations":[{"start":{"line":34,"column":12},"end":{"line":36,"column":13}},{"start":{"line":34,"column":12},"end":{"line":36,"column":13}}],"line":34},"1":{"loc":{"start":{"line":39,"column":8},"end":{"line":43,"column":9}},"type":"if","locations":[{"start":{"line":39,"column":8},"end":{"line":43,"column":9}},{"start":{"line":39,"column":8},"end":{"line":43,"column":9}}],"line":39},"2":{"loc":{"start":{"line":57,"column":12},"end":{"line":59,"column":13}},"type":"if","locations":[{"start":{"line":57,"column":12},"end":{"line":59,"column":13}},{"start":{"line":57,"column":12},"end":{"line":59,"column":13}}],"line":57},"3":{"loc":{"start":{"line":76,"column":16},"end":{"line":76,"column":43}},"type":"if","locations":[{"start":{"line":76,"column":16},"end":{"line":76,"column":43}},{"start":{"line":76,"column":16},"end":{"line":76,"column":43}}],"line":76},"4":{"loc":{"start":{"line":81,"column":16},"end":{"line":81,"column":64}},"type":"if","locations":[{"start":{"line":81,"column":16},"end":{"line":81,"column":64}},{"start":{"line":81,"column":16},"end":{"line":81,"column":64}}],"line":81}},"s":{"0":1,"1":1,"2":1,"3":9,"4":9,"5":9,"6":3,"7":3,"8":2,"9":9,"10":3,"11":2,"12":1,"13":1,"14":1,"15":1,"16":1,"17":1,"18":3,"19":1,"20":1,"21":4,"22":4,"23":4,"24":0,"25":4,"26":4,"27":115472,"28":3,"29":4,"30":1,"31":3,"32":1},"f":{"0":9,"1":3,"2":2,"3":9,"4":1,"5":3,"6":1,"7":4,"8":4,"9":4,"10":115472,"11":3},"b":{"0":[3,6],"1":[1,1],"2":[1,2],"3":[0,4],"4":[1,3]},"_coverageSchema":"1a1c01bbd47fc00a2c39e90264f33305004495a9","hash":"f285d25e335fc1fbe53c4aa33e68a58e6d16e1e2"}
,"C:\\Dev\\JavaScript\\whitehatbootcamp\\src\\airport\\classes\\Bag.js": {"path":"C:\\Dev\\JavaScript\\whitehatbootcamp\\src\\airport\\classes\\Bag.js","statementMap":{"0":{"start":{"line":8,"column":8},"end":{"line":8,"column":70}},"1":{"start":{"line":8,"column":23},"end":{"line":8,"column":68}},"2":{"start":{"line":9,"column":8},"end":{"line":9,"column":72}},"3":{"start":{"line":9,"column":26},"end":{"line":9,"column":70}},"4":{"start":{"line":11,"column":8},"end":{"line":11,"column":29}},"5":{"start":{"line":15,"column":0},"end":{"line":15,"column":20}}},"fnMap":{"0":{"name":"(anonymous_0)","decl":{"start":{"line":7,"column":4},"end":{"line":7,"column":5}},"loc":{"start":{"line":7,"column":23},"end":{"line":12,"column":5}},"line":7}},"branchMap":{"0":{"loc":{"start":{"line":8,"column":8},"end":{"line":8,"column":70}},"type":"if","locations":[{"start":{"line":8,"column":8},"end":{"line":8,"column":70}},{"start":{"line":8,"column":8},"end":{"line":8,"column":70}}],"line":8},"1":{"loc":{"start":{"line":9,"column":8},"end":{"line":9,"column":72}},"type":"if","locations":[{"start":{"line":9,"column":8},"end":{"line":9,"column":72}},{"start":{"line":9,"column":8},"end":{"line":9,"column":72}}],"line":9}},"s":{"0":6,"1":1,"2":5,"3":1,"4":4,"5":4},"f":{"0":6},"b":{"0":[1,5],"1":[1,4]},"_coverageSchema":"1a1c01bbd47fc00a2c39e90264f33305004495a9","hash":"371ec7cca404a3c8fa0dc47d3ca9c25443cd495c"}
,"C:\\Dev\\JavaScript\\whitehatbootcamp\\src\\airport\\classes\\Crew.js": {"path":"C:\\Dev\\JavaScript\\whitehatbootcamp\\src\\airport\\classes\\Crew.js","statementMap":{"0":{"start":{"line":1,"column":15},"end":{"line":1,"column":34}},"1":{"start":{"line":10,"column":8},"end":{"line":10,"column":19}},"2":{"start":{"line":14,"column":0},"end":{"line":14,"column":21}}},"fnMap":{"0":{"name":"(anonymous_0)","decl":{"start":{"line":9,"column":4},"end":{"line":9,"column":5}},"loc":{"start":{"line":9,"column":21},"end":{"line":11,"column":5}},"line":9}},"branchMap":{},"s":{"0":2,"1":4,"2":2},"f":{"0":4},"b":{},"_coverageSchema":"1a1c01bbd47fc00a2c39e90264f33305004495a9","hash":"d2c2324754d2612e6025165d2a0af0ab5bf68c90"}
,"C:\\Dev\\JavaScript\\whitehatbootcamp\\src\\airport\\classes\\Passenger.js": {"path":"C:\\Dev\\JavaScript\\whitehatbootcamp\\src\\airport\\classes\\Passenger.js","statementMap":{"0":{"start":{"line":1,"column":15},"end":{"line":1,"column":34}},"1":{"start":{"line":2,"column":12},"end":{"line":2,"column":28}},"2":{"start":{"line":12,"column":8},"end":{"line":12,"column":19}},"3":{"start":{"line":13,"column":8},"end":{"line":13,"column":22}},"4":{"start":{"line":21,"column":8},"end":{"line":23,"column":11}},"5":{"start":{"line":22,"column":12},"end":{"line":22,"column":31}},"6":{"start":{"line":31,"column":22},"end":{"line":31,"column":44}},"7":{"start":{"line":32,"column":8},"end":{"line":32,"column":34}},"8":{"start":{"line":39,"column":8},"end":{"line":39,"column":32}},"9":{"start":{"line":42,"column":0},"end":{"line":42,"column":26}}},"fnMap":{"0":{"name":"(anonymous_0)","decl":{"start":{"line":11,"column":4},"end":{"line":11,"column":5}},"loc":{"start":{"line":11,"column":21},"end":{"line":14,"column":5}},"line":11},"1":{"name":"(anonymous_1)","decl":{"start":{"line":20,"column":4},"end":{"line":20,"column":5}},"loc":{"start":{"line":20,"column":19},"end":{"line":24,"column":5}},"line":20},"2":{"name":"(anonymous_2)","decl":{"start":{"line":21,"column":21},"end":{"line":21,"column":22}},"loc":{"start":{"line":21,"column":28},"end":{"line":23,"column":9}},"line":21},"3":{"name":"(anonymous_3)","decl":{"start":{"line":30,"column":4},"end":{"line":30,"column":5}},"loc":{"start":{"line":30,"column":18},"end":{"line":33,"column":5}},"line":30},"4":{"name":"(anonymous_4)","decl":{"start":{"line":38,"column":4},"end":{"line":38,"column":5}},"loc":{"start":{"line":38,"column":15},"end":{"line":40,"column":5}},"line":38}},"branchMap":{},"s":{"0":3,"1":3,"2":6,"3":6,"4":2,"5":2,"6":1,"7":1,"8":3,"9":3},"f":{"0":6,"1":2,"2":2,"3":1,"4":3},"b":{},"_coverageSchema":"1a1c01bbd47fc00a2c39e90264f33305004495a9","hash":"2439fe8e5f6e7a7c2568707275c4cbcd8ab69aaf"}
,"C:\\Dev\\JavaScript\\whitehatbootcamp\\src\\airport\\classes\\Person.js": {"path":"C:\\Dev\\JavaScript\\whitehatbootcamp\\src\\airport\\classes\\Person.js","statementMap":{"0":{"start":{"line":8,"column":8},"end":{"line":8,"column":67}},"1":{"start":{"line":8,"column":21},"end":{"line":8,"column":65}},"2":{"start":{"line":9,"column":8},"end":{"line":9,"column":24}},"3":{"start":{"line":13,"column":0},"end":{"line":13,"column":23}}},"fnMap":{"0":{"name":"(anonymous_0)","decl":{"start":{"line":7,"column":4},"end":{"line":7,"column":5}},"loc":{"start":{"line":7,"column":21},"end":{"line":10,"column":5}},"line":7}},"branchMap":{"0":{"loc":{"start":{"line":8,"column":8},"end":{"line":8,"column":67}},"type":"if","locations":[{"start":{"line":8,"column":8},"end":{"line":8,"column":67}},{"start":{"line":8,"column":8},"end":{"line":8,"column":67}}],"line":8}},"s":{"0":11,"1":2,"2":9,"3":5},"f":{"0":11},"b":{"0":[2,9]},"_coverageSchema":"1a1c01bbd47fc00a2c39e90264f33305004495a9","hash":"e3ff62c37a71dd0d3d763b3356b78ac4fc486714"}
,"C:\\Dev\\JavaScript\\whitehatbootcamp\\src\\airport\\classes\\Plane.js": {"path":"C:\\Dev\\JavaScript\\whitehatbootcamp\\src\\airport\\classes\\Plane.js","statementMap":{"0":{"start":{"line":1,"column":18},"end":{"line":1,"column":40}},"1":{"start":{"line":11,"column":8},"end":{"line":11,"column":81}},"2":{"start":{"line":11,"column":28},"end":{"line":11,"column":80}},"3":{"start":{"line":13,"column":8},"end":{"line":13,"column":28}},"4":{"start":{"line":14,"column":8},"end":{"line":14,"column":38}},"5":{"start":{"line":15,"column":8},"end":{"line":15,"column":40}},"6":{"start":{"line":16,"column":8},"end":{"line":16,"column":26}},"7":{"start":{"line":17,"column":8},"end":{"line":17,"column":22}},"8":{"start":{"line":21,"column":8},"end":{"line":23,"column":10}},"9":{"start":{"line":22,"column":12},"end":{"line":22,"column":43}},"10":{"start":{"line":26,"column":8},"end":{"line":28,"column":10}},"11":{"start":{"line":27,"column":12},"end":{"line":27,"column":38}},"12":{"start":{"line":32,"column":8},"end":{"line":34,"column":10}},"13":{"start":{"line":33,"column":12},"end":{"line":33,"column":96}},"14":{"start":{"line":35,"column":8},"end":{"line":37,"column":10}},"15":{"start":{"line":36,"column":12},"end":{"line":36,"column":92}},"16":{"start":{"line":44,"column":8},"end":{"line":44,"column":37}},"17":{"start":{"line":51,"column":8},"end":{"line":51,"column":31}},"18":{"start":{"line":55,"column":0},"end":{"line":55,"column":22}}},"fnMap":{"0":{"name":"(anonymous_0)","decl":{"start":{"line":10,"column":4},"end":{"line":10,"column":5}},"loc":{"start":{"line":10,"column":56},"end":{"line":18,"column":5}},"line":10},"1":{"name":"(anonymous_1)","decl":{"start":{"line":20,"column":4},"end":{"line":20,"column":5}},"loc":{"start":{"line":20,"column":32},"end":{"line":24,"column":5}},"line":20},"2":{"name":"(anonymous_2)","decl":{"start":{"line":21,"column":27},"end":{"line":21,"column":28}},"loc":{"start":{"line":21,"column":40},"end":{"line":23,"column":9}},"line":21},"3":{"name":"(anonymous_3)","decl":{"start":{"line":25,"column":4},"end":{"line":25,"column":5}},"loc":{"start":{"line":25,"column":20},"end":{"line":29,"column":5}},"line":25},"4":{"name":"(anonymous_4)","decl":{"start":{"line":26,"column":21},"end":{"line":26,"column":22}},"loc":{"start":{"line":26,"column":35},"end":{"line":28,"column":9}},"line":26},"5":{"name":"(anonymous_5)","decl":{"start":{"line":31,"column":4},"end":{"line":31,"column":5}},"loc":{"start":{"line":31,"column":11},"end":{"line":38,"column":5}},"line":31},"6":{"name":"(anonymous_6)","decl":{"start":{"line":32,"column":32},"end":{"line":32,"column":33}},"loc":{"start":{"line":32,"column":45},"end":{"line":34,"column":9}},"line":32},"7":{"name":"(anonymous_7)","decl":{"start":{"line":35,"column":26},"end":{"line":35,"column":27}},"loc":{"start":{"line":35,"column":40},"end":{"line":37,"column":9}},"line":35},"8":{"name":"(anonymous_8)","decl":{"start":{"line":43,"column":4},"end":{"line":43,"column":5}},"loc":{"start":{"line":43,"column":20},"end":{"line":45,"column":5}},"line":43},"9":{"name":"(anonymous_9)","decl":{"start":{"line":50,"column":4},"end":{"line":50,"column":5}},"loc":{"start":{"line":50,"column":15},"end":{"line":52,"column":5}},"line":50}},"branchMap":{"0":{"loc":{"start":{"line":10,"column":16},"end":{"line":10,"column":25}},"type":"default-arg","locations":[{"start":{"line":10,"column":23},"end":{"line":10,"column":25}}],"line":10},"1":{"loc":{"start":{"line":10,"column":27},"end":{"line":10,"column":41}},"type":"default-arg","locations":[{"start":{"line":10,"column":39},"end":{"line":10,"column":41}}],"line":10},"2":{"loc":{"start":{"line":11,"column":8},"end":{"line":11,"column":81}},"type":"if","locations":[{"start":{"line":11,"column":8},"end":{"line":11,"column":81}},{"start":{"line":11,"column":8},"end":{"line":11,"column":81}}],"line":11}},"s":{"0":2,"1":6,"2":1,"3":5,"4":5,"5":5,"6":5,"7":5,"8":2,"9":3,"10":2,"11":3,"12":0,"13":0,"14":0,"15":0,"16":1,"17":1,"18":2},"f":{"0":6,"1":2,"2":3,"3":2,"4":3,"5":0,"6":0,"7":0,"8":1,"9":1},"b":{"0":[0],"1":[0],"2":[1,5]},"_coverageSchema":"1a1c01bbd47fc00a2c39e90264f33305004495a9","hash":"dde68230aef6e85a8e65842e5a6d855a4bcb2eed"}
,"C:\\Dev\\JavaScript\\whitehatbootcamp\\src\\scooter-hire\\classes\\ChargeStation.js": {"path":"C:\\Dev\\JavaScript\\whitehatbootcamp\\src\\scooter-hire\\classes\\ChargeStation.js","statementMap":{"0":{"start":{"line":1,"column":16},"end":{"line":1,"column":36}},"1":{"start":{"line":2,"column":24},"end":{"line":2,"column":52}},"2":{"start":{"line":13,"column":30},"end":{"line":13,"column":32}},"3":{"start":{"line":22,"column":8},"end":{"line":22,"column":40}},"4":{"start":{"line":23,"column":8},"end":{"line":23,"column":40}},"5":{"start":{"line":24,"column":8},"end":{"line":24,"column":22}},"6":{"start":{"line":25,"column":8},"end":{"line":25,"column":22}},"7":{"start":{"line":26,"column":8},"end":{"line":26,"column":34}},"8":{"start":{"line":27,"column":8},"end":{"line":27,"column":52}},"9":{"start":{"line":35,"column":8},"end":{"line":35,"column":100}},"10":{"start":{"line":35,"column":41},"end":{"line":35,"column":90}},"11":{"start":{"line":35,"column":91},"end":{"line":35,"column":98}},"12":{"start":{"line":36,"column":8},"end":{"line":36,"column":43}},"13":{"start":{"line":44,"column":8},"end":{"line":53,"column":10}},"14":{"start":{"line":45,"column":12},"end":{"line":52,"column":15}},"15":{"start":{"line":46,"column":16},"end":{"line":46,"column":91}},"16":{"start":{"line":47,"column":20},"end":{"line":51,"column":29}},"17":{"start":{"line":48,"column":24},"end":{"line":48,"column":51}},"18":{"start":{"line":49,"column":24},"end":{"line":49,"column":84}},"19":{"start":{"line":50,"column":24},"end":{"line":50,"column":43}},"20":{"start":{"line":63,"column":8},"end":{"line":67,"column":11}},"21":{"start":{"line":64,"column":12},"end":{"line":66,"column":13}},"22":{"start":{"line":65,"column":16},"end":{"line":65,"column":27}},"23":{"start":{"line":69,"column":8},"end":{"line":69,"column":76}},"24":{"start":{"line":70,"column":8},"end":{"line":70,"column":21}},"25":{"start":{"line":80,"column":26},"end":{"line":80,"column":72}},"26":{"start":{"line":81,"column":26},"end":{"line":81,"column":72}},"27":{"start":{"line":82,"column":28},"end":{"line":82,"column":53}},"28":{"start":{"line":83,"column":22},"end":{"line":83,"column":58}},"29":{"start":{"line":85,"column":8},"end":{"line":96,"column":10}},"30":{"start":{"line":86,"column":33},"end":{"line":86,"column":55}},"31":{"start":{"line":87,"column":33},"end":{"line":87,"column":55}},"32":{"start":{"line":88,"column":35},"end":{"line":88,"column":62}},"33":{"start":{"line":90,"column":12},"end":{"line":95,"column":13}},"34":{"start":{"line":91,"column":16},"end":{"line":91,"column":42}},"35":{"start":{"line":92,"column":16},"end":{"line":92,"column":42}},"36":{"start":{"line":93,"column":16},"end":{"line":93,"column":46}},"37":{"start":{"line":94,"column":16},"end":{"line":94,"column":28}},"38":{"start":{"line":98,"column":8},"end":{"line":98,"column":128}},"39":{"start":{"line":99,"column":8},"end":{"line":99,"column":22}},"40":{"start":{"line":103,"column":0},"end":{"line":103,"column":30}}},"fnMap":{"0":{"name":"(anonymous_0)","decl":{"start":{"line":21,"column":4},"end":{"line":21,"column":5}},"loc":{"start":{"line":21,"column":39},"end":{"line":28,"column":5}},"line":21},"1":{"name":"(anonymous_1)","decl":{"start":{"line":34,"column":4},"end":{"line":34,"column":5}},"loc":{"start":{"line":34,"column":23},"end":{"line":37,"column":5}},"line":34},"2":{"name":"(anonymous_2)","decl":{"start":{"line":43,"column":4},"end":{"line":43,"column":5}},"loc":{"start":{"line":43,"column":20},"end":{"line":54,"column":5}},"line":43},"3":{"name":"(anonymous_3)","decl":{"start":{"line":44,"column":27},"end":{"line":44,"column":28}},"loc":{"start":{"line":44,"column":40},"end":{"line":53,"column":9}},"line":44},"4":{"name":"(anonymous_4)","decl":{"start":{"line":45,"column":42},"end":{"line":45,"column":43}},"loc":{"start":{"line":45,"column":58},"end":{"line":52,"column":13}},"line":45},"5":{"name":"(anonymous_5)","decl":{"start":{"line":47,"column":31},"end":{"line":47,"column":32}},"loc":{"start":{"line":47,"column":37},"end":{"line":51,"column":21}},"line":47},"6":{"name":"(anonymous_6)","decl":{"start":{"line":61,"column":4},"end":{"line":61,"column":5}},"loc":{"start":{"line":61,"column":26},"end":{"line":71,"column":5}},"line":61},"7":{"name":"(anonymous_7)","decl":{"start":{"line":63,"column":50},"end":{"line":63,"column":51}},"loc":{"start":{"line":63,"column":56},"end":{"line":67,"column":9}},"line":63},"8":{"name":"(anonymous_8)","decl":{"start":{"line":79,"column":4},"end":{"line":79,"column":5}},"loc":{"start":{"line":79,"column":39},"end":{"line":100,"column":5}},"line":79},"9":{"name":"(anonymous_9)","decl":{"start":{"line":85,"column":50},"end":{"line":85,"column":51}},"loc":{"start":{"line":85,"column":56},"end":{"line":96,"column":9}},"line":85}},"branchMap":{"0":{"loc":{"start":{"line":35,"column":8},"end":{"line":35,"column":100}},"type":"if","locations":[{"start":{"line":35,"column":8},"end":{"line":35,"column":100}},{"start":{"line":35,"column":8},"end":{"line":35,"column":100}}],"line":35},"1":{"loc":{"start":{"line":64,"column":12},"end":{"line":66,"column":13}},"type":"if","locations":[{"start":{"line":64,"column":12},"end":{"line":66,"column":13}},{"start":{"line":64,"column":12},"end":{"line":66,"column":13}}],"line":64},"2":{"loc":{"start":{"line":90,"column":12},"end":{"line":95,"column":13}},"type":"if","locations":[{"start":{"line":90,"column":12},"end":{"line":95,"column":13}},{"start":{"line":90,"column":12},"end":{"line":95,"column":13}}],"line":90}},"s":{"0":3,"1":3,"2":3,"3":20,"4":20,"5":20,"6":20,"7":20,"8":20,"9":6,"10":1,"11":1,"12":5,"13":1,"14":1,"15":1,"16":1,"17":1,"18":1,"19":1,"20":1,"21":7,"22":1,"23":1,"24":1,"25":3,"26":3,"27":3,"28":3,"29":3,"30":12,"31":12,"32":12,"33":12,"34":3,"35":3,"36":3,"37":3,"38":3,"39":3,"40":3},"f":{"0":20,"1":6,"2":1,"3":1,"4":1,"5":1,"6":1,"7":7,"8":3,"9":12},"b":{"0":[1,5],"1":[1,6],"2":[3,9]},"_coverageSchema":"1a1c01bbd47fc00a2c39e90264f33305004495a9","hash":"90683523446332c02e634f1210a49246cf1f21d3"}
,"C:\\Dev\\JavaScript\\whitehatbootcamp\\src\\scooter-hire\\classes\\Customer.js": {"path":"C:\\Dev\\JavaScript\\whitehatbootcamp\\src\\scooter-hire\\classes\\Customer.js","statementMap":{"0":{"start":{"line":1,"column":16},"end":{"line":1,"column":36}},"1":{"start":{"line":2,"column":24},"end":{"line":2,"column":52}},"2":{"start":{"line":3,"column":22},"end":{"line":3,"column":48}},"3":{"start":{"line":22,"column":8},"end":{"line":22,"column":34}},"4":{"start":{"line":23,"column":8},"end":{"line":23,"column":32}},"5":{"start":{"line":24,"column":8},"end":{"line":24,"column":50}},"6":{"start":{"line":25,"column":8},"end":{"line":25,"column":36}},"7":{"start":{"line":26,"column":8},"end":{"line":26,"column":32}},"8":{"start":{"line":34,"column":8},"end":{"line":34,"column":115}},"9":{"start":{"line":34,"column":40},"end":{"line":34,"column":106}},"10":{"start":{"line":34,"column":107},"end":{"line":34,"column":113}},"11":{"start":{"line":35,"column":8},"end":{"line":35,"column":133}},"12":{"start":{"line":35,"column":58},"end":{"line":35,"column":123}},"13":{"start":{"line":35,"column":124},"end":{"line":35,"column":131}},"14":{"start":{"line":37,"column":8},"end":{"line":37,"column":36}},"15":{"start":{"line":38,"column":8},"end":{"line":38,"column":135}},"16":{"start":{"line":46,"column":8},"end":{"line":46,"column":56}},"17":{"start":{"line":55,"column":8},"end":{"line":55,"column":58}},"18":{"start":{"line":63,"column":8},"end":{"line":63,"column":55}},"19":{"start":{"line":63,"column":46},"end":{"line":63,"column":53}},"20":{"start":{"line":65,"column":8},"end":{"line":65,"column":34}},"21":{"start":{"line":66,"column":8},"end":{"line":66,"column":30}},"22":{"start":{"line":67,"column":8},"end":{"line":67,"column":99}},"23":{"start":{"line":68,"column":8},"end":{"line":68,"column":83}},"24":{"start":{"line":75,"column":24},"end":{"line":75,"column":36}},"25":{"start":{"line":76,"column":8},"end":{"line":76,"column":32}},"26":{"start":{"line":77,"column":8},"end":{"line":77,"column":22}},"27":{"start":{"line":81,"column":0},"end":{"line":81,"column":25}}},"fnMap":{"0":{"name":"(anonymous_0)","decl":{"start":{"line":21,"column":4},"end":{"line":21,"column":5}},"loc":{"start":{"line":21,"column":51},"end":{"line":27,"column":5}},"line":21},"1":{"name":"(anonymous_1)","decl":{"start":{"line":33,"column":4},"end":{"line":33,"column":5}},"loc":{"start":{"line":33,"column":29},"end":{"line":39,"column":5}},"line":33},"2":{"name":"(anonymous_2)","decl":{"start":{"line":45,"column":4},"end":{"line":45,"column":5}},"loc":{"start":{"line":45,"column":16},"end":{"line":47,"column":5}},"line":45},"3":{"name":"(anonymous_3)","decl":{"start":{"line":54,"column":4},"end":{"line":54,"column":5}},"loc":{"start":{"line":54,"column":29},"end":{"line":56,"column":5}},"line":54},"4":{"name":"(anonymous_4)","decl":{"start":{"line":62,"column":4},"end":{"line":62,"column":5}},"loc":{"start":{"line":62,"column":28},"end":{"line":69,"column":5}},"line":62},"5":{"name":"(anonymous_5)","decl":{"start":{"line":74,"column":4},"end":{"line":74,"column":5}},"loc":{"start":{"line":74,"column":19},"end":{"line":78,"column":5}},"line":74}},"branchMap":{"0":{"loc":{"start":{"line":21,"column":16},"end":{"line":21,"column":28}},"type":"default-arg","locations":[{"start":{"line":21,"column":26},"end":{"line":21,"column":28}}],"line":21},"1":{"loc":{"start":{"line":21,"column":30},"end":{"line":21,"column":41}},"type":"default-arg","locations":[{"start":{"line":21,"column":39},"end":{"line":21,"column":41}}],"line":21},"2":{"loc":{"start":{"line":21,"column":43},"end":{"line":21,"column":50}},"type":"default-arg","locations":[{"start":{"line":21,"column":49},"end":{"line":21,"column":50}}],"line":21},"3":{"loc":{"start":{"line":34,"column":8},"end":{"line":34,"column":115}},"type":"if","locations":[{"start":{"line":34,"column":8},"end":{"line":34,"column":115}},{"start":{"line":34,"column":8},"end":{"line":34,"column":115}}],"line":34},"4":{"loc":{"start":{"line":35,"column":8},"end":{"line":35,"column":133}},"type":"if","locations":[{"start":{"line":35,"column":8},"end":{"line":35,"column":133}},{"start":{"line":35,"column":8},"end":{"line":35,"column":133}}],"line":35},"5":{"loc":{"start":{"line":46,"column":15},"end":{"line":46,"column":55}},"type":"cond-expr","locations":[{"start":{"line":46,"column":43},"end":{"line":46,"column":48}},{"start":{"line":46,"column":51},"end":{"line":46,"column":55}}],"line":46},"6":{"loc":{"start":{"line":55,"column":15},"end":{"line":55,"column":58}},"type":"cond-expr","locations":[{"start":{"line":55,"column":46},"end":{"line":55,"column":50}},{"start":{"line":55,"column":53},"end":{"line":55,"column":58}}],"line":55},"7":{"loc":{"start":{"line":63,"column":8},"end":{"line":63,"column":55}},"type":"if","locations":[{"start":{"line":63,"column":8},"end":{"line":63,"column":55}},{"start":{"line":63,"column":8},"end":{"line":63,"column":55}}],"line":63}},"s":{"0":2,"1":2,"2":2,"3":19,"4":19,"5":19,"6":19,"7":19,"8":4,"9":1,"10":1,"11":3,"12":1,"13":1,"14":2,"15":2,"16":5,"17":15,"18":9,"19":1,"20":8,"21":8,"22":8,"23":8,"24":4,"25":4,"26":4,"27":2},"f":{"0":19,"1":4,"2":5,"3":15,"4":9,"5":4},"b":{"0":[1],"1":[1],"2":[1],"3":[1,3],"4":[1,2],"5":[2,3],"6":[12,3],"7":[1,8]},"_coverageSchema":"1a1c01bbd47fc00a2c39e90264f33305004495a9","hash":"122756aeed139f8a519712e126100b4904b9eee8"}
,"C:\\Dev\\JavaScript\\whitehatbootcamp\\src\\scooter-hire\\classes\\ElectricScooter.js": {"path":"C:\\Dev\\JavaScript\\whitehatbootcamp\\src\\scooter-hire\\classes\\ElectricScooter.js","statementMap":{"0":{"start":{"line":1,"column":16},"end":{"line":1,"column":36}},"1":{"start":{"line":16,"column":8},"end":{"line":16,"column":19}},"2":{"start":{"line":17,"column":8},"end":{"line":17,"column":38}},"3":{"start":{"line":25,"column":8},"end":{"line":25,"column":65}},"4":{"start":{"line":34,"column":8},"end":{"line":34,"column":37}},"5":{"start":{"line":35,"column":34},"end":{"line":35,"column":65}},"6":{"start":{"line":36,"column":8},"end":{"line":36,"column":60}},"7":{"start":{"line":44,"column":8},"end":{"line":44,"column":37}},"8":{"start":{"line":45,"column":8},"end":{"line":45,"column":27}},"9":{"start":{"line":46,"column":25},"end":{"line":46,"column":65}},"10":{"start":{"line":47,"column":8},"end":{"line":47,"column":36}},"11":{"start":{"line":48,"column":8},"end":{"line":48,"column":58}},"12":{"start":{"line":48,"column":37},"end":{"line":48,"column":57}},"13":{"start":{"line":56,"column":8},"end":{"line":58,"column":47}},"14":{"start":{"line":56,"column":33},"end":{"line":56,"column":55}},"15":{"start":{"line":57,"column":13},"end":{"line":58,"column":47}},"16":{"start":{"line":57,"column":36},"end":{"line":57,"column":56}},"17":{"start":{"line":58,"column":15},"end":{"line":58,"column":45}},"18":{"start":{"line":62,"column":0},"end":{"line":62,"column":32}}},"fnMap":{"0":{"name":"(anonymous_0)","decl":{"start":{"line":15,"column":4},"end":{"line":15,"column":5}},"loc":{"start":{"line":15,"column":36},"end":{"line":18,"column":5}},"line":15},"1":{"name":"(anonymous_1)","decl":{"start":{"line":24,"column":4},"end":{"line":24,"column":5}},"loc":{"start":{"line":24,"column":22},"end":{"line":26,"column":5}},"line":24},"2":{"name":"(anonymous_2)","decl":{"start":{"line":33,"column":4},"end":{"line":33,"column":5}},"loc":{"start":{"line":33,"column":25},"end":{"line":37,"column":5}},"line":33},"3":{"name":"(anonymous_3)","decl":{"start":{"line":43,"column":4},"end":{"line":43,"column":5}},"loc":{"start":{"line":43,"column":19},"end":{"line":49,"column":5}},"line":43},"4":{"name":"(anonymous_4)","decl":{"start":{"line":55,"column":4},"end":{"line":55,"column":5}},"loc":{"start":{"line":55,"column":31},"end":{"line":59,"column":5}},"line":55}},"branchMap":{"0":{"loc":{"start":{"line":15,"column":22},"end":{"line":15,"column":35}},"type":"default-arg","locations":[{"start":{"line":15,"column":34},"end":{"line":15,"column":35}}],"line":15},"1":{"loc":{"start":{"line":36,"column":16},"end":{"line":36,"column":59}},"type":"cond-expr","locations":[{"start":{"line":36,"column":47},"end":{"line":36,"column":52}},{"start":{"line":36,"column":55},"end":{"line":36,"column":59}}],"line":36},"2":{"loc":{"start":{"line":48,"column":8},"end":{"line":48,"column":58}},"type":"if","locations":[{"start":{"line":48,"column":8},"end":{"line":48,"column":58}},{"start":{"line":48,"column":8},"end":{"line":48,"column":58}}],"line":48},"3":{"loc":{"start":{"line":56,"column":8},"end":{"line":58,"column":47}},"type":"if","locations":[{"start":{"line":56,"column":8},"end":{"line":58,"column":47}},{"start":{"line":56,"column":8},"end":{"line":58,"column":47}}],"line":56},"4":{"loc":{"start":{"line":57,"column":13},"end":{"line":58,"column":47}},"type":"if","locations":[{"start":{"line":57,"column":13},"end":{"line":58,"column":47}},{"start":{"line":57,"column":13},"end":{"line":58,"column":47}}],"line":57}},"s":{"0":4,"1":24,"2":24,"3":6,"4":6,"5":6,"6":6,"7":3,"8":3,"9":3,"10":3,"11":3,"12":1,"13":4,"14":1,"15":3,"16":1,"17":2,"18":4},"f":{"0":24,"1":6,"2":6,"3":3,"4":4},"b":{"0":[2],"1":[2,4],"2":[1,2],"3":[1,3],"4":[1,2]},"_coverageSchema":"1a1c01bbd47fc00a2c39e90264f33305004495a9","hash":"f8676ba4b416a29a7cbe2c9569cbd77306e0ce51"}
,"C:\\Dev\\JavaScript\\whitehatbootcamp\\src\\scooter-hire\\classes\\Scooter.js": {"path":"C:\\Dev\\JavaScript\\whitehatbootcamp\\src\\scooter-hire\\classes\\Scooter.js","statementMap":{"0":{"start":{"line":1,"column":16},"end":{"line":1,"column":36}},"1":{"start":{"line":10,"column":32},"end":{"line":10,"column":36}},"2":{"start":{"line":17,"column":8},"end":{"line":17,"column":34}},"3":{"start":{"line":18,"column":8},"end":{"line":18,"column":39}},"4":{"start":{"line":26,"column":8},"end":{"line":26,"column":50}},"5":{"start":{"line":39,"column":0},"end":{"line":39,"column":24}}},"fnMap":{"0":{"name":"(anonymous_0)","decl":{"start":{"line":16,"column":4},"end":{"line":16,"column":5}},"loc":{"start":{"line":16,"column":23},"end":{"line":19,"column":5}},"line":16},"1":{"name":"(anonymous_1)","decl":{"start":{"line":25,"column":4},"end":{"line":25,"column":5}},"loc":{"start":{"line":25,"column":27},"end":{"line":27,"column":5}},"line":25},"2":{"name":"(anonymous_2)","decl":{"start":{"line":33,"column":4},"end":{"line":33,"column":5}},"loc":{"start":{"line":33,"column":17},"end":{"line":35,"column":5}},"line":33}},"branchMap":{"0":{"loc":{"start":{"line":16,"column":16},"end":{"line":16,"column":22}},"type":"default-arg","locations":[{"start":{"line":16,"column":21},"end":{"line":16,"column":22}}],"line":16}},"s":{"0":5,"1":5,"2":31,"3":31,"4":9,"5":5},"f":{"0":31,"1":9,"2":3},"b":{"0":[3]},"_coverageSchema":"1a1c01bbd47fc00a2c39e90264f33305004495a9","hash":"c13f3bf4bbd90c043fa9880cbc2cebefcdad5ed9"}
,"C:\\Dev\\JavaScript\\whitehatbootcamp\\src\\scooter-hire\\classes\\ScooterHire.js": {"path":"C:\\Dev\\JavaScript\\whitehatbootcamp\\src\\scooter-hire\\classes\\ScooterHire.js","statementMap":{"0":{"start":{"line":1,"column":16},"end":{"line":1,"column":36}},"1":{"start":{"line":2,"column":22},"end":{"line":2,"column":48}},"2":{"start":{"line":3,"column":17},"end":{"line":3,"column":38}},"3":{"start":{"line":4,"column":24},"end":{"line":4,"column":52}},"4":{"start":{"line":5,"column":16},"end":{"line":5,"column":36}},"5":{"start":{"line":21,"column":8},"end":{"line":21,"column":26}},"6":{"start":{"line":22,"column":8},"end":{"line":22,"column":35}},"7":{"start":{"line":23,"column":8},"end":{"line":23,"column":79}},"8":{"start":{"line":24,"column":8},"end":{"line":24,"column":32}},"9":{"start":{"line":32,"column":8},"end":{"line":32,"column":35}},"10":{"start":{"line":33,"column":8},"end":{"line":34,"column":56}},"11":{"start":{"line":33,"column":41},"end":{"line":33,"column":78}},"12":{"start":{"line":34,"column":15},"end":{"line":34,"column":54}},"13":{"start":{"line":42,"column":8},"end":{"line":44,"column":9}},"14":{"start":{"line":42,"column":20},"end":{"line":42,"column":21}},"15":{"start":{"line":43,"column":12},"end":{"line":43,"column":40}},"16":{"start":{"line":51,"column":8},"end":{"line":57,"column":10}},"17":{"start":{"line":52,"column":12},"end":{"line":56,"column":14}},"18":{"start":{"line":53,"column":16},"end":{"line":55,"column":17}},"19":{"start":{"line":54,"column":20},"end":{"line":54,"column":56}},"20":{"start":{"line":65,"column":8},"end":{"line":65,"column":116}},"21":{"start":{"line":65,"column":49},"end":{"line":65,"column":106}},"22":{"start":{"line":65,"column":107},"end":{"line":65,"column":114}},"23":{"start":{"line":67,"column":22},"end":{"line":67,"column":77}},"24":{"start":{"line":69,"column":8},"end":{"line":75,"column":9}},"25":{"start":{"line":70,"column":12},"end":{"line":70,"column":63}},"26":{"start":{"line":71,"column":12},"end":{"line":71,"column":45}},"27":{"start":{"line":72,"column":12},"end":{"line":72,"column":40}},"28":{"start":{"line":74,"column":12},"end":{"line":74,"column":136}},"29":{"start":{"line":84,"column":8},"end":{"line":84,"column":128}},"30":{"start":{"line":84,"column":37},"end":{"line":84,"column":118}},"31":{"start":{"line":84,"column":119},"end":{"line":84,"column":126}},"32":{"start":{"line":86,"column":22},"end":{"line":86,"column":46}},"33":{"start":{"line":88,"column":8},"end":{"line":88,"column":53}},"34":{"start":{"line":89,"column":8},"end":{"line":89,"column":35}},"35":{"start":{"line":90,"column":8},"end":{"line":91,"column":56}},"36":{"start":{"line":90,"column":43},"end":{"line":90,"column":79}},"37":{"start":{"line":91,"column":15},"end":{"line":91,"column":54}},"38":{"start":{"line":93,"column":8},"end":{"line":93,"column":81}},"39":{"start":{"line":97,"column":0},"end":{"line":97,"column":28}}},"fnMap":{"0":{"name":"(anonymous_0)","decl":{"start":{"line":20,"column":4},"end":{"line":20,"column":5}},"loc":{"start":{"line":20,"column":17},"end":{"line":25,"column":5}},"line":20},"1":{"name":"(anonymous_1)","decl":{"start":{"line":31,"column":4},"end":{"line":31,"column":5}},"loc":{"start":{"line":31,"column":23},"end":{"line":35,"column":5}},"line":31},"2":{"name":"(anonymous_2)","decl":{"start":{"line":41,"column":4},"end":{"line":41,"column":5}},"loc":{"start":{"line":41,"column":25},"end":{"line":45,"column":5}},"line":41},"3":{"name":"(anonymous_3)","decl":{"start":{"line":50,"column":4},"end":{"line":50,"column":5}},"loc":{"start":{"line":50,"column":20},"end":{"line":58,"column":5}},"line":50},"4":{"name":"(anonymous_4)","decl":{"start":{"line":51,"column":49},"end":{"line":51,"column":50}},"loc":{"start":{"line":51,"column":57},"end":{"line":57,"column":9}},"line":51},"5":{"name":"(anonymous_5)","decl":{"start":{"line":52,"column":56},"end":{"line":52,"column":57}},"loc":{"start":{"line":52,"column":67},"end":{"line":56,"column":13}},"line":52},"6":{"name":"(anonymous_6)","decl":{"start":{"line":64,"column":4},"end":{"line":64,"column":5}},"loc":{"start":{"line":64,"column":27},"end":{"line":77,"column":5}},"line":64},"7":{"name":"(anonymous_7)","decl":{"start":{"line":83,"column":4},"end":{"line":83,"column":5}},"loc":{"start":{"line":83,"column":31},"end":{"line":94,"column":5}},"line":83}},"branchMap":{"0":{"loc":{"start":{"line":33,"column":8},"end":{"line":34,"column":56}},"type":"if","locations":[{"start":{"line":33,"column":8},"end":{"line":34,"column":56}},{"start":{"line":33,"column":8},"end":{"line":34,"column":56}}],"line":33},"1":{"loc":{"start":{"line":53,"column":16},"end":{"line":55,"column":17}},"type":"if","locations":[{"start":{"line":53,"column":16},"end":{"line":55,"column":17}},{"start":{"line":53,"column":16},"end":{"line":55,"column":17}}],"line":53},"2":{"loc":{"start":{"line":65,"column":8},"end":{"line":65,"column":116}},"type":"if","locations":[{"start":{"line":65,"column":8},"end":{"line":65,"column":116}},{"start":{"line":65,"column":8},"end":{"line":65,"column":116}}],"line":65},"3":{"loc":{"start":{"line":69,"column":8},"end":{"line":75,"column":9}},"type":"if","locations":[{"start":{"line":69,"column":8},"end":{"line":75,"column":9}},{"start":{"line":69,"column":8},"end":{"line":75,"column":9}}],"line":69},"4":{"loc":{"start":{"line":84,"column":8},"end":{"line":84,"column":128}},"type":"if","locations":[{"start":{"line":84,"column":8},"end":{"line":84,"column":128}},{"start":{"line":84,"column":8},"end":{"line":84,"column":128}}],"line":84},"5":{"loc":{"start":{"line":90,"column":8},"end":{"line":91,"column":56}},"type":"if","locations":[{"start":{"line":90,"column":8},"end":{"line":91,"column":56}},{"start":{"line":90,"column":8},"end":{"line":91,"column":56}}],"line":90}},"s":{"0":1,"1":1,"2":1,"3":1,"4":1,"5":10,"6":10,"7":10,"8":10,"9":9,"10":9,"11":7,"12":2,"13":1,"14":1,"15":2,"16":0,"17":0,"18":0,"19":0,"20":5,"21":1,"22":1,"23":4,"24":4,"25":3,"26":3,"27":3,"28":1,"29":3,"30":1,"31":1,"32":2,"33":2,"34":2,"35":2,"36":1,"37":1,"38":2,"39":1},"f":{"0":10,"1":9,"2":1,"3":0,"4":0,"5":0,"6":5,"7":3},"b":{"0":[7,2],"1":[0,0],"2":[1,4],"3":[3,1],"4":[1,2],"5":[1,1]},"_coverageSchema":"1a1c01bbd47fc00a2c39e90264f33305004495a9","hash":"3c7c33c475d33b747c53e005bee14fc62d6cd4d5"}
,"C:\\Dev\\JavaScript\\whitehatbootcamp\\src\\scooter-hire\\classes\\Utility.js": {"path":"C:\\Dev\\JavaScript\\whitehatbootcamp\\src\\scooter-hire\\classes\\Utility.js","statementMap":{"0":{"start":{"line":8,"column":4},"end":{"line":8,"column":45}},"1":{"start":{"line":17,"column":13},"end":{"line":17,"column":15}},"2":{"start":{"line":18,"column":4},"end":{"line":20,"column":5}},"3":{"start":{"line":18,"column":16},"end":{"line":18,"column":17}},"4":{"start":{"line":19,"column":8},"end":{"line":19,"column":48}},"5":{"start":{"line":21,"column":4},"end":{"line":21,"column":13}},"6":{"start":{"line":24,"column":0},"end":{"line":24,"column":39}}},"fnMap":{"0":{"name":"random","decl":{"start":{"line":7,"column":9},"end":{"line":7,"column":15}},"loc":{"start":{"line":7,"column":26},"end":{"line":9,"column":1}},"line":7},"1":{"name":"generateID","decl":{"start":{"line":16,"column":9},"end":{"line":16,"column":19}},"loc":{"start":{"line":16,"column":27},"end":{"line":22,"column":1}},"line":16}},"branchMap":{},"s":{"0":393,"1":52,"2":52,"3":52,"4":392,"5":52,"6":6},"f":{"0":393,"1":52},"b":{},"_coverageSchema":"1a1c01bbd47fc00a2c39e90264f33305004495a9","hash":"002af1c56dfea3bd6c03dff352ee2c13724ff2ad"}
}
