TN:
SF:src\airport\classes\Airport.js
FN:11,(anonymous_0)
FN:21,(anonymous_1)
FN:31,(anonymous_2)
FN:33,(anonymous_3)
FN:51,(anonymous_4)
FN:56,(anonymous_5)
FN:66,(anonymous_6)
FN:73,(anonymous_7)
FN:74,(anonymous_8)
FN:75,(anonymous_9)
FN:79,(anonymous_10)
FN:79,(anonymous_11)
FNF:12
FNH:12
FNDA:9,(anonymous_0)
FNDA:3,(anonymous_1)
FNDA:2,(anonymous_2)
FNDA:9,(anonymous_3)
FNDA:1,(anonymous_4)
FNDA:3,(anonymous_5)
FNDA:1,(anonymous_6)
FNDA:4,(anonymous_7)
FNDA:4,(anonymous_8)
FNDA:4,(anonymous_9)
FNDA:115472,(anonymous_10)
FNDA:3,(anonymous_11)
DA:1,1
DA:2,1
DA:5,1
DA:12,9
DA:13,9
DA:14,9
DA:22,3
DA:23,3
DA:33,2
DA:34,9
DA:35,3
DA:39,2
DA:40,1
DA:42,1
DA:52,1
DA:53,1
DA:54,1
DA:56,1
DA:57,3
DA:58,1
DA:67,1
DA:74,4
DA:75,4
DA:76,4
DA:78,4
DA:79,115472
DA:81,4
DA:83,3
DA:90,1
LF:29
LH:29
BRDA:34,0,0,3
BRDA:34,0,1,6
BRDA:39,1,0,1
BRDA:39,1,1,1
BRDA:57,2,0,1
BRDA:57,2,1,2
BRDA:76,3,0,0
BRDA:76,3,1,4
BRDA:81,4,0,1
BRDA:81,4,1,3
BRF:10
BRH:9
end_of_record
TN:
SF:src\airport\classes\Bag.js
FN:7,(anonymous_0)
FNF:1
FNH:1
FNDA:6,(anonymous_0)
DA:8,6
DA:9,5
DA:11,4
DA:15,4
LF:4
LH:4
BRDA:8,0,0,1
BRDA:8,0,1,5
BRDA:9,1,0,1
BRDA:9,1,1,4
BRF:4
BRH:4
end_of_record
TN:
SF:src\airport\classes\Crew.js
FN:9,(anonymous_0)
FNF:1
FNH:1
FNDA:4,(anonymous_0)
DA:1,2
DA:10,4
DA:14,2
LF:3
LH:3
BRF:0
BRH:0
end_of_record
TN:
SF:src\airport\classes\Passenger.js
FN:11,(anonymous_0)
FN:20,(anonymous_1)
FN:21,(anonymous_2)
FN:30,(anonymous_3)
FN:38,(anonymous_4)
FNF:5
FNH:5
FNDA:6,(anonymous_0)
FNDA:2,(anonymous_1)
FNDA:2,(anonymous_2)
FNDA:1,(anonymous_3)
FNDA:3,(anonymous_4)
DA:1,3
DA:2,3
DA:12,6
DA:13,6
DA:21,2
DA:22,2
DA:31,1
DA:32,1
DA:39,3
DA:42,3
LF:10
LH:10
BRF:0
BRH:0
end_of_record
TN:
SF:src\airport\classes\Person.js
FN:7,(anonymous_0)
FNF:1
FNH:1
FNDA:11,(anonymous_0)
DA:8,11
DA:9,9
DA:13,5
LF:3
LH:3
BRDA:8,0,0,2
BRDA:8,0,1,9
BRF:2
BRH:2
end_of_record
TN:
SF:src\airport\classes\Plane.js
FN:10,(anonymous_0)
FN:20,(anonymous_1)
FN:21,(anonymous_2)
FN:25,(anonymous_3)
FN:26,(anonymous_4)
FN:31,(anonymous_5)
FN:32,(anonymous_6)
FN:35,(anonymous_7)
FN:43,(anonymous_8)
FN:50,(anonymous_9)
FNF:10
FNH:7
FNDA:6,(anonymous_0)
FNDA:2,(anonymous_1)
FNDA:3,(anonymous_2)
FNDA:2,(anonymous_3)
FNDA:3,(anonymous_4)
FNDA:0,(anonymous_5)
FNDA:0,(anonymous_6)
FNDA:0,(anonymous_7)
FNDA:1,(anonymous_8)
FNDA:1,(anonymous_9)
DA:1,2
DA:11,6
DA:13,5
DA:14,5
DA:15,5
DA:16,5
DA:17,5
DA:21,2
DA:22,3
DA:26,2
DA:27,3
DA:32,0
DA:33,0
DA:35,0
DA:36,0
DA:44,1
DA:51,1
DA:55,2
LF:18
LH:14
BRDA:10,0,0,0
BRDA:10,1,0,0
BRDA:11,2,0,1
BRDA:11,2,1,5
BRF:4
BRH:2
end_of_record
TN:
SF:src\scooter-hire\classes\ChargeStation.js
FN:21,(anonymous_0)
FN:34,(anonymous_1)
FN:43,(anonymous_2)
FN:44,(anonymous_3)
FN:45,(anonymous_4)
FN:47,(anonymous_5)
FN:61,(anonymous_6)
FN:63,(anonymous_7)
FN:79,(anonymous_8)
FN:85,(anonymous_9)
FNF:10
FNH:10
FNDA:20,(anonymous_0)
FNDA:6,(anonymous_1)
FNDA:1,(anonymous_2)
FNDA:1,(anonymous_3)
FNDA:1,(anonymous_4)
FNDA:1,(anonymous_5)
FNDA:1,(anonymous_6)
FNDA:7,(anonymous_7)
FNDA:3,(anonymous_8)
FNDA:12,(anonymous_9)
DA:1,3
DA:2,3
DA:13,3
DA:22,20
DA:23,20
DA:24,20
DA:25,20
DA:26,20
DA:27,20
DA:35,6
DA:36,5
DA:44,1
DA:45,1
DA:46,1
DA:47,1
DA:48,1
DA:49,1
DA:50,1
DA:63,1
DA:64,7
DA:65,1
DA:69,1
DA:70,1
DA:80,3
DA:81,3
DA:82,3
DA:83,3
DA:85,3
DA:86,12
DA:87,12
DA:88,12
DA:90,12
DA:91,3
DA:92,3
DA:93,3
DA:94,3
DA:98,3
DA:99,3
DA:103,3
LF:39
LH:39
BRDA:35,0,0,1
BRDA:35,0,1,5
BRDA:64,1,0,1
BRDA:64,1,1,6
BRDA:90,2,0,3
BRDA:90,2,1,9
BRF:6
BRH:6
end_of_record
TN:
SF:src\scooter-hire\classes\Customer.js
FN:21,(anonymous_0)
FN:33,(anonymous_1)
FN:45,(anonymous_2)
FN:54,(anonymous_3)
FN:62,(anonymous_4)
FN:74,(anonymous_5)
FNF:6
FNH:6
FNDA:19,(anonymous_0)
FNDA:4,(anonymous_1)
FNDA:5,(anonymous_2)
FNDA:15,(anonymous_3)
FNDA:9,(anonymous_4)
FNDA:4,(anonymous_5)
DA:1,2
DA:2,2
DA:3,2
DA:22,19
DA:23,19
DA:24,19
DA:25,19
DA:26,19
DA:34,4
DA:35,3
DA:37,2
DA:38,2
DA:46,5
DA:55,15
DA:63,9
DA:65,8
DA:66,8
DA:67,8
DA:68,8
DA:75,4
DA:76,4
DA:77,4
DA:81,2
LF:23
LH:23
BRDA:21,0,0,1
BRDA:21,1,0,1
BRDA:21,2,0,1
BRDA:34,3,0,1
BRDA:34,3,1,3
BRDA:35,4,0,1
BRDA:35,4,1,2
BRDA:46,5,0,2
BRDA:46,5,1,3
BRDA:55,6,0,12
BRDA:55,6,1,3
BRDA:63,7,0,1
BRDA:63,7,1,8
BRF:13
BRH:13
end_of_record
TN:
SF:src\scooter-hire\classes\ElectricScooter.js
FN:15,(anonymous_0)
FN:24,(anonymous_1)
FN:33,(anonymous_2)
FN:43,(anonymous_3)
FN:55,(anonymous_4)
FNF:5
FNH:5
FNDA:24,(anonymous_0)
FNDA:6,(anonymous_1)
FNDA:6,(anonymous_2)
FNDA:3,(anonymous_3)
FNDA:4,(anonymous_4)
DA:1,4
DA:16,24
DA:17,24
DA:25,6
DA:34,6
DA:35,6
DA:36,6
DA:44,3
DA:45,3
DA:46,3
DA:47,3
DA:48,3
DA:56,4
DA:57,3
DA:58,2
DA:62,4
LF:16
LH:16
BRDA:15,0,0,2
BRDA:36,1,0,2
BRDA:36,1,1,4
BRDA:48,2,0,1
BRDA:48,2,1,2
BRDA:56,3,0,1
BRDA:56,3,1,3
BRDA:57,4,0,1
BRDA:57,4,1,2
BRF:9
BRH:9
end_of_record
TN:
SF:src\scooter-hire\classes\Scooter.js
FN:16,(anonymous_0)
FN:25,(anonymous_1)
FN:33,(anonymous_2)
FNF:3
FNH:3
FNDA:31,(anonymous_0)
FNDA:9,(anonymous_1)
FNDA:3,(anonymous_2)
DA:1,5
DA:10,5
DA:17,31
DA:18,31
DA:26,9
DA:39,5
LF:6
LH:6
BRDA:16,0,0,3
BRF:1
BRH:1
end_of_record
TN:
SF:src\scooter-hire\classes\ScooterHire.js
FN:20,(anonymous_0)
FN:31,(anonymous_1)
FN:41,(anonymous_2)
FN:50,(anonymous_3)
FN:51,(anonymous_4)
FN:52,(anonymous_5)
FN:64,(anonymous_6)
FN:83,(anonymous_7)
FNF:8
FNH:5
FNDA:10,(anonymous_0)
FNDA:9,(anonymous_1)
FNDA:1,(anonymous_2)
FNDA:0,(anonymous_3)
FNDA:0,(anonymous_4)
FNDA:0,(anonymous_5)
FNDA:5,(anonymous_6)
FNDA:3,(anonymous_7)
DA:1,1
DA:2,1
DA:3,1
DA:4,1
DA:5,1
DA:21,10
DA:22,10
DA:23,10
DA:24,10
DA:32,9
DA:33,9
DA:34,2
DA:42,1
DA:43,2
DA:51,0
DA:52,0
DA:53,0
DA:54,0
DA:65,5
DA:67,4
DA:69,4
DA:70,3
DA:71,3
DA:72,3
DA:74,1
DA:84,3
DA:86,2
DA:88,2
DA:89,2
DA:90,2
DA:91,1
DA:93,2
DA:97,1
LF:33
LH:29
BRDA:33,0,0,7
BRDA:33,0,1,2
BRDA:53,1,0,0
BRDA:53,1,1,0
BRDA:65,2,0,1
BRDA:65,2,1,4
BRDA:69,3,0,3
BRDA:69,3,1,1
BRDA:84,4,0,1
BRDA:84,4,1,2
BRDA:90,5,0,1
BRDA:90,5,1,1
BRF:12
BRH:10
end_of_record
TN:
SF:src\scooter-hire\classes\Utility.js
FN:7,random
FN:16,generateID
FNF:2
FNH:2
FNDA:393,random
FNDA:52,generateID
DA:8,393
DA:17,52
DA:18,52
DA:19,392
DA:21,52
DA:24,6
LF:6
LH:6
BRF:0
BRH:0
end_of_record
