TN:
SF:src\airport\classes\Airport.js
FN:11,(anonymous_0)
FN:21,(anonymous_1)
FN:31,(anonymous_2)
FN:32,(anonymous_3)
FN:44,(anonymous_4)
FN:49,(anonymous_5)
FN:59,(anonymous_6)
FN:66,(anonymous_7)
FN:67,(anonymous_8)
FN:68,(anonymous_9)
FN:72,(anonymous_10)
FN:72,(anonymous_11)
FNF:12
FNH:12
FNDA:7,(anonymous_0)
FNDA:3,(anonymous_1)
FNDA:1,(anonymous_2)
FNDA:4,(anonymous_3)
FNDA:1,(anonymous_4)
FNDA:3,(anonymous_5)
FNDA:1,(anonymous_6)
FNDA:3,(anonymous_7)
FNDA:3,(anonymous_8)
FNDA:3,(anonymous_9)
FNDA:86604,(anonymous_10)
FNDA:3,(anonymous_11)
DA:1,1
DA:2,1
DA:5,1
DA:12,7
DA:13,7
DA:14,7
DA:22,3
DA:23,3
DA:32,1
DA:33,4
DA:34,0
DA:37,1
DA:45,1
DA:46,1
DA:47,1
DA:49,1
DA:50,3
DA:51,1
DA:60,1
DA:67,3
DA:68,3
DA:69,3
DA:71,3
DA:72,86604
DA:74,3
DA:76,3
DA:83,1
LF:27
LH:26
BRDA:33,0,0,0
BRDA:33,0,1,4
BRDA:50,1,0,1
BRDA:50,1,1,2
BRDA:69,2,0,0
BRDA:69,2,1,3
BRDA:74,3,0,0
BRDA:74,3,1,3
BRF:8
BRH:5
end_of_record
TN:
SF:src\airport\classes\Bag.js
FN:7,(anonymous_0)
FNF:1
FNH:1
FNDA:6,(anonymous_0)
DA:8,6
DA:9,5
DA:11,4
DA:15,4
LF:4
LH:4
BRDA:8,0,0,1
BRDA:8,0,1,5
BRDA:9,1,0,1
BRDA:9,1,1,4
BRF:4
BRH:4
end_of_record
TN:
SF:src\airport\classes\Crew.js
FN:9,(anonymous_0)
FNF:1
FNH:1
FNDA:4,(anonymous_0)
DA:1,2
DA:10,4
DA:14,2
LF:3
LH:3
BRF:0
BRH:0
end_of_record
TN:
SF:src\airport\classes\Passenger.js
FN:11,(anonymous_0)
FN:20,(anonymous_1)
FN:21,(anonymous_2)
FN:30,(anonymous_3)
FN:38,(anonymous_4)
FNF:5
FNH:5
FNDA:6,(anonymous_0)
FNDA:2,(anonymous_1)
FNDA:2,(anonymous_2)
FNDA:1,(anonymous_3)
FNDA:3,(anonymous_4)
DA:1,3
DA:2,3
DA:12,6
DA:13,6
DA:21,2
DA:22,2
DA:31,1
DA:32,1
DA:39,3
DA:42,3
LF:10
LH:10
BRF:0
BRH:0
end_of_record
TN:
SF:src\airport\classes\Person.js
FN:7,(anonymous_0)
FNF:1
FNH:1
FNDA:11,(anonymous_0)
DA:8,11
DA:9,9
DA:13,5
LF:3
LH:3
BRDA:8,0,0,2
BRDA:8,0,1,9
BRF:2
BRH:2
end_of_record
TN:
SF:src\airport\classes\Plane.js
FN:10,(anonymous_0)
FN:20,(anonymous_1)
FN:21,(anonymous_2)
FN:25,(anonymous_3)
FN:26,(anonymous_4)
FN:31,(anonymous_5)
FN:32,(anonymous_6)
FN:35,(anonymous_7)
FN:43,(anonymous_8)
FN:50,(anonymous_9)
FNF:10
FNH:7
FNDA:6,(anonymous_0)
FNDA:2,(anonymous_1)
FNDA:3,(anonymous_2)
FNDA:2,(anonymous_3)
FNDA:3,(anonymous_4)
FNDA:0,(anonymous_5)
FNDA:0,(anonymous_6)
FNDA:0,(anonymous_7)
FNDA:1,(anonymous_8)
FNDA:1,(anonymous_9)
DA:1,2
DA:11,6
DA:13,5
DA:14,5
DA:15,5
DA:16,5
DA:17,5
DA:21,2
DA:22,3
DA:26,2
DA:27,3
DA:32,0
DA:33,0
DA:35,0
DA:36,0
DA:44,1
DA:51,1
DA:55,2
LF:18
LH:14
BRDA:10,0,0,0
BRDA:10,1,0,0
BRDA:11,2,0,1
BRDA:11,2,1,5
BRF:4
BRH:2
end_of_record
TN:
SF:src\scooter-hire\classes\ChargeStation.js
FN:21,(anonymous_0)
FN:34,(anonymous_1)
FN:43,(anonymous_2)
FN:44,(anonymous_3)
FN:45,(anonymous_4)
FN:47,(anonymous_5)
FN:62,(anonymous_6)
FN:64,(anonymous_7)
FN:80,(anonymous_8)
FN:86,(anonymous_9)
FNF:10
FNH:10
FNDA:18,(anonymous_0)
FNDA:5,(anonymous_1)
FNDA:1,(anonymous_2)
FNDA:1,(anonymous_3)
FNDA:1,(anonymous_4)
FNDA:1,(anonymous_5)
FNDA:1,(anonymous_6)
FNDA:7,(anonymous_7)
FNDA:3,(anonymous_8)
FNDA:12,(anonymous_9)
DA:1,3
DA:2,3
DA:13,3
DA:22,18
DA:23,18
DA:24,18
DA:25,18
DA:26,18
DA:27,18
DA:35,5
DA:36,4
DA:44,1
DA:45,1
DA:46,1
DA:47,1
DA:48,1
DA:49,1
DA:50,1
DA:51,1
DA:64,1
DA:65,7
DA:66,1
DA:70,1
DA:71,1
DA:81,3
DA:82,3
DA:83,3
DA:84,3
DA:86,3
DA:87,12
DA:88,12
DA:89,12
DA:91,12
DA:92,3
DA:93,3
DA:94,3
DA:95,3
DA:99,3
DA:100,3
DA:104,3
LF:40
LH:40
BRDA:35,0,0,1
BRDA:35,0,1,4
BRDA:49,1,0,0
BRDA:49,1,1,1
BRDA:65,2,0,1
BRDA:65,2,1,6
BRDA:91,3,0,3
BRDA:91,3,1,9
BRF:8
BRH:7
end_of_record
TN:
SF:src\scooter-hire\classes\Customer.js
FN:21,(anonymous_0)
FN:33,(anonymous_1)
FN:45,(anonymous_2)
FN:54,(anonymous_3)
FN:62,(anonymous_4)
FN:74,(anonymous_5)
FNF:6
FNH:6
FNDA:17,(anonymous_0)
FNDA:3,(anonymous_1)
FNDA:3,(anonymous_2)
FNDA:13,(anonymous_3)
FNDA:8,(anonymous_4)
FNDA:3,(anonymous_5)
DA:1,2
DA:2,2
DA:3,2
DA:22,17
DA:23,17
DA:24,17
DA:25,17
DA:26,17
DA:34,3
DA:35,2
DA:37,1
DA:38,1
DA:46,3
DA:55,13
DA:63,8
DA:65,7
DA:66,7
DA:67,7
DA:68,7
DA:75,3
DA:76,3
DA:77,3
DA:81,2
LF:23
LH:23
BRDA:21,0,0,1
BRDA:21,1,0,1
BRDA:21,2,0,1
BRDA:34,3,0,1
BRDA:34,3,1,2
BRDA:35,4,0,1
BRDA:35,4,1,1
BRDA:46,5,0,1
BRDA:46,5,1,2
BRDA:55,6,0,10
BRDA:55,6,1,3
BRDA:63,7,0,1
BRDA:63,7,1,7
BRF:13
BRH:13
end_of_record
TN:
SF:src\scooter-hire\classes\ElectricScooter.js
FN:15,(anonymous_0)
FN:24,(anonymous_1)
FN:33,(anonymous_2)
FN:43,(anonymous_3)
FN:55,(anonymous_4)
FNF:5
FNH:5
FNDA:23,(anonymous_0)
FNDA:5,(anonymous_1)
FNDA:5,(anonymous_2)
FNDA:2,(anonymous_3)
FNDA:4,(anonymous_4)
DA:1,4
DA:16,23
DA:17,23
DA:25,5
DA:34,5
DA:35,5
DA:36,5
DA:44,2
DA:45,2
DA:46,2
DA:47,2
DA:48,2
DA:56,4
DA:57,3
DA:58,2
DA:62,4
LF:16
LH:16
BRDA:15,0,0,2
BRDA:36,1,0,2
BRDA:36,1,1,3
BRDA:48,2,0,1
BRDA:48,2,1,1
BRDA:56,3,0,1
BRDA:56,3,1,3
BRDA:57,4,0,1
BRDA:57,4,1,2
BRF:9
BRH:9
end_of_record
TN:
SF:src\scooter-hire\classes\Scooter.js
FN:16,(anonymous_0)
FN:25,(anonymous_1)
FN:33,(anonymous_2)
FNF:3
FNH:3
FNDA:30,(anonymous_0)
FNDA:7,(anonymous_1)
FNDA:2,(anonymous_2)
DA:1,5
DA:10,5
DA:17,30
DA:18,30
DA:26,7
DA:39,5
LF:6
LH:6
BRDA:16,0,0,3
BRF:1
BRH:1
end_of_record
TN:
SF:src\scooter-hire\classes\ScooterHire.js
FN:20,(anonymous_0)
FN:31,(anonymous_1)
FN:41,(anonymous_2)
FN:50,(anonymous_3)
FN:51,(anonymous_4)
FN:52,(anonymous_5)
FN:64,(anonymous_6)
FN:83,(anonymous_7)
FNF:8
FNH:5
FNDA:8,(anonymous_0)
FNDA:8,(anonymous_1)
FNDA:1,(anonymous_2)
FNDA:0,(anonymous_3)
FNDA:0,(anonymous_4)
FNDA:0,(anonymous_5)
FNDA:4,(anonymous_6)
FNDA:1,(anonymous_7)
DA:1,1
DA:2,1
DA:3,1
DA:4,1
DA:5,1
DA:21,8
DA:22,8
DA:23,8
DA:24,8
DA:32,8
DA:33,8
DA:34,2
DA:42,1
DA:43,2
DA:51,0
DA:52,0
DA:53,0
DA:54,0
DA:65,4
DA:67,3
DA:69,3
DA:70,2
DA:71,2
DA:72,2
DA:74,1
DA:84,1
DA:86,1
DA:88,1
DA:89,1
DA:90,1
DA:91,0
DA:93,1
DA:97,1
LF:33
LH:28
BRDA:33,0,0,6
BRDA:33,0,1,2
BRDA:53,1,0,0
BRDA:53,1,1,0
BRDA:65,2,0,1
BRDA:65,2,1,3
BRDA:69,3,0,2
BRDA:69,3,1,1
BRDA:84,4,0,0
BRDA:84,4,1,1
BRDA:90,5,0,1
BRDA:90,5,1,0
BRF:12
BRH:8
end_of_record
TN:
SF:src\scooter-hire\classes\Utility.js
FN:7,random
FN:16,generateID
FNF:2
FNH:2
FNDA:367,random
FNDA:49,generateID
DA:8,367
DA:17,49
DA:18,49
DA:19,366
DA:21,49
DA:24,6
LF:6
LH:6
BRF:0
BRH:0
end_of_record
