<?xml version="1.0" encoding="UTF-8"?>
<coverage generated="1610977378161" clover="3.2.0">
  <project timestamp="1610977378161" name="All files">
    <metrics statements="123" coveredstatements="119" conditionals="43" coveredconditionals="38" methods="34" coveredmethods="32" elements="200" coveredelements="189" complexity="0" loc="123" ncloc="123" packages="1" files="6" classes="6"/>
    <file name="ChargeStation.js" path="C:\Dev\JavaScript\whitehatbootcamp\src\scooter-hire\classes\ChargeStation.js">
      <metrics statements="40" coveredstatements="40" conditionals="8" coveredconditionals="7" methods="10" coveredmethods="10"/>
      <line num="1" count="3" type="stmt"/>
      <line num="2" count="3" type="stmt"/>
      <line num="13" count="3" type="stmt"/>
      <line num="22" count="19" type="stmt"/>
      <line num="23" count="19" type="stmt"/>
      <line num="24" count="19" type="stmt"/>
      <line num="25" count="19" type="stmt"/>
      <line num="26" count="19" type="stmt"/>
      <line num="27" count="19" type="stmt"/>
      <line num="35" count="6" type="cond" truecount="2" falsecount="0"/>
      <line num="36" count="5" type="stmt"/>
      <line num="44" count="2" type="stmt"/>
      <line num="45" count="2" type="stmt"/>
      <line num="46" count="2" type="stmt"/>
      <line num="47" count="2" type="stmt"/>
      <line num="48" count="1" type="stmt"/>
      <line num="49" count="1" type="cond" truecount="1" falsecount="1"/>
      <line num="50" count="1" type="stmt"/>
      <line num="51" count="1" type="stmt"/>
      <line num="64" count="1" type="stmt"/>
      <line num="65" count="7" type="cond" truecount="2" falsecount="0"/>
      <line num="66" count="1" type="stmt"/>
      <line num="70" count="1" type="stmt"/>
      <line num="71" count="1" type="stmt"/>
      <line num="81" count="3" type="stmt"/>
      <line num="82" count="3" type="stmt"/>
      <line num="83" count="3" type="stmt"/>
      <line num="84" count="3" type="stmt"/>
      <line num="86" count="3" type="stmt"/>
      <line num="87" count="12" type="stmt"/>
      <line num="88" count="12" type="stmt"/>
      <line num="89" count="12" type="stmt"/>
      <line num="91" count="12" type="cond" truecount="2" falsecount="0"/>
      <line num="92" count="3" type="stmt"/>
      <line num="93" count="3" type="stmt"/>
      <line num="94" count="3" type="stmt"/>
      <line num="95" count="3" type="stmt"/>
      <line num="99" count="3" type="stmt"/>
      <line num="100" count="3" type="stmt"/>
      <line num="104" count="3" type="stmt"/>
    </file>
    <file name="Customer.js" path="C:\Dev\JavaScript\whitehatbootcamp\src\scooter-hire\classes\Customer.js">
      <metrics statements="23" coveredstatements="23" conditionals="13" coveredconditionals="13" methods="6" coveredmethods="6"/>
      <line num="1" count="2" type="stmt"/>
      <line num="2" count="2" type="stmt"/>
      <line num="3" count="2" type="stmt"/>
      <line num="22" count="17" type="stmt"/>
      <line num="23" count="17" type="stmt"/>
      <line num="24" count="17" type="stmt"/>
      <line num="25" count="17" type="stmt"/>
      <line num="26" count="17" type="stmt"/>
      <line num="34" count="3" type="cond" truecount="2" falsecount="0"/>
      <line num="35" count="2" type="cond" truecount="2" falsecount="0"/>
      <line num="37" count="1" type="stmt"/>
      <line num="38" count="1" type="stmt"/>
      <line num="46" count="3" type="cond" truecount="2" falsecount="0"/>
      <line num="55" count="13" type="cond" truecount="2" falsecount="0"/>
      <line num="63" count="8" type="cond" truecount="2" falsecount="0"/>
      <line num="65" count="7" type="stmt"/>
      <line num="66" count="7" type="stmt"/>
      <line num="67" count="7" type="stmt"/>
      <line num="68" count="7" type="stmt"/>
      <line num="75" count="3" type="stmt"/>
      <line num="76" count="3" type="stmt"/>
      <line num="77" count="3" type="stmt"/>
      <line num="81" count="2" type="stmt"/>
    </file>
    <file name="ElectricScooter.js" path="C:\Dev\JavaScript\whitehatbootcamp\src\scooter-hire\classes\ElectricScooter.js">
      <metrics statements="16" coveredstatements="16" conditionals="9" coveredconditionals="9" methods="5" coveredmethods="5"/>
      <line num="1" count="4" type="stmt"/>
      <line num="16" count="24" type="stmt"/>
      <line num="17" count="24" type="stmt"/>
      <line num="25" count="5" type="stmt"/>
      <line num="34" count="5" type="stmt"/>
      <line num="35" count="5" type="stmt"/>
      <line num="36" count="5" type="cond" truecount="2" falsecount="0"/>
      <line num="44" count="2" type="stmt"/>
      <line num="45" count="2" type="stmt"/>
      <line num="46" count="2" type="stmt"/>
      <line num="47" count="2" type="stmt"/>
      <line num="48" count="2" type="cond" truecount="2" falsecount="0"/>
      <line num="56" count="4" type="cond" truecount="2" falsecount="0"/>
      <line num="57" count="3" type="cond" truecount="2" falsecount="0"/>
      <line num="58" count="2" type="stmt"/>
      <line num="62" count="4" type="stmt"/>
    </file>
    <file name="Scooter.js" path="C:\Dev\JavaScript\whitehatbootcamp\src\scooter-hire\classes\Scooter.js">
      <metrics statements="6" coveredstatements="6" conditionals="1" coveredconditionals="1" methods="3" coveredmethods="3"/>
      <line num="1" count="5" type="stmt"/>
      <line num="10" count="5" type="stmt"/>
      <line num="17" count="31" type="stmt"/>
      <line num="18" count="31" type="stmt"/>
      <line num="26" count="7" type="stmt"/>
      <line num="39" count="5" type="stmt"/>
    </file>
    <file name="ScooterHire.js" path="C:\Dev\JavaScript\whitehatbootcamp\src\scooter-hire\classes\ScooterHire.js">
      <metrics statements="32" coveredstatements="28" conditionals="12" coveredconditionals="8" methods="8" coveredmethods="6"/>
      <line num="1" count="1" type="stmt"/>
      <line num="2" count="1" type="stmt"/>
      <line num="3" count="1" type="stmt"/>
      <line num="4" count="1" type="stmt"/>
      <line num="5" count="1" type="stmt"/>
      <line num="21" count="9" type="stmt"/>
      <line num="22" count="9" type="stmt"/>
      <line num="23" count="9" type="stmt"/>
      <line num="24" count="9" type="stmt"/>
      <line num="32" count="9" type="stmt"/>
      <line num="33" count="9" type="cond" truecount="2" falsecount="0"/>
      <line num="34" count="3" type="stmt"/>
      <line num="42" count="1" type="stmt"/>
      <line num="43" count="2" type="stmt"/>
      <line num="51" count="1" type="stmt"/>
      <line num="52" count="0" type="stmt"/>
      <line num="53" count="0" type="cond" truecount="0" falsecount="2"/>
      <line num="54" count="0" type="stmt"/>
      <line num="65" count="4" type="cond" truecount="2" falsecount="0"/>
      <line num="67" count="3" type="stmt"/>
      <line num="68" count="3" type="cond" truecount="2" falsecount="0"/>
      <line num="69" count="2" type="stmt"/>
      <line num="70" count="2" type="stmt"/>
      <line num="72" count="1" type="stmt"/>
      <line num="82" count="1" type="cond" truecount="1" falsecount="1"/>
      <line num="84" count="1" type="stmt"/>
      <line num="86" count="1" type="stmt"/>
      <line num="87" count="1" type="stmt"/>
      <line num="88" count="1" type="cond" truecount="1" falsecount="1"/>
      <line num="89" count="0" type="stmt"/>
      <line num="91" count="1" type="stmt"/>
      <line num="95" count="1" type="stmt"/>
    </file>
    <file name="Utility.js" path="C:\Dev\JavaScript\whitehatbootcamp\src\scooter-hire\classes\Utility.js">
      <metrics statements="6" coveredstatements="6" conditionals="0" coveredconditionals="0" methods="2" coveredmethods="2"/>
      <line num="8" count="383" type="stmt"/>
      <line num="17" count="51" type="stmt"/>
      <line num="18" count="51" type="stmt"/>
      <line num="19" count="382" type="stmt"/>
      <line num="21" count="51" type="stmt"/>
      <line num="24" count="6" type="stmt"/>
    </file>
  </project>
</coverage>
