<?xml version="1.0" encoding="UTF-8"?>
<coverage generated="1610619898253" clover="3.2.0">
  <project timestamp="1610619898253" name="All files">
    <metrics statements="65" coveredstatements="60" conditionals="18" coveredconditionals="13" methods="30" coveredmethods="27" elements="113" coveredelements="100" complexity="0" loc="65" ncloc="65" packages="1" files="6" classes="6"/>
    <file name="Airport.js" path="C:\Dev\JavaScript\whitehatbootcamp\airport\classes\Airport.js">
      <metrics statements="27" coveredstatements="26" conditionals="8" coveredconditionals="5" methods="12" coveredmethods="12"/>
      <line num="1" count="1" type="stmt"/>
      <line num="2" count="1" type="stmt"/>
      <line num="5" count="1" type="stmt"/>
      <line num="12" count="7" type="stmt"/>
      <line num="13" count="7" type="stmt"/>
      <line num="14" count="7" type="stmt"/>
      <line num="22" count="3" type="stmt"/>
      <line num="23" count="3" type="stmt"/>
      <line num="32" count="1" type="stmt"/>
      <line num="33" count="4" type="cond" truecount="1" falsecount="1"/>
      <line num="34" count="0" type="stmt"/>
      <line num="37" count="1" type="stmt"/>
      <line num="45" count="1" type="stmt"/>
      <line num="46" count="1" type="stmt"/>
      <line num="47" count="1" type="stmt"/>
      <line num="49" count="1" type="stmt"/>
      <line num="50" count="3" type="cond" truecount="2" falsecount="0"/>
      <line num="51" count="1" type="stmt"/>
      <line num="60" count="1" type="stmt"/>
      <line num="67" count="3" type="stmt"/>
      <line num="68" count="3" type="stmt"/>
      <line num="69" count="3" type="cond" truecount="1" falsecount="1"/>
      <line num="71" count="3" type="stmt"/>
      <line num="72" count="86604" type="stmt"/>
      <line num="74" count="3" type="cond" truecount="1" falsecount="1"/>
      <line num="76" count="3" type="stmt"/>
      <line num="83" count="1" type="stmt"/>
    </file>
    <file name="Bag.js" path="C:\Dev\JavaScript\whitehatbootcamp\airport\classes\Bag.js">
      <metrics statements="4" coveredstatements="4" conditionals="4" coveredconditionals="4" methods="1" coveredmethods="1"/>
      <line num="8" count="6" type="cond" truecount="2" falsecount="0"/>
      <line num="9" count="5" type="cond" truecount="2" falsecount="0"/>
      <line num="11" count="4" type="stmt"/>
      <line num="15" count="4" type="stmt"/>
    </file>
    <file name="Crew.js" path="C:\Dev\JavaScript\whitehatbootcamp\airport\classes\Crew.js">
      <metrics statements="3" coveredstatements="3" conditionals="0" coveredconditionals="0" methods="1" coveredmethods="1"/>
      <line num="1" count="2" type="stmt"/>
      <line num="10" count="4" type="stmt"/>
      <line num="14" count="2" type="stmt"/>
    </file>
    <file name="Passenger.js" path="C:\Dev\JavaScript\whitehatbootcamp\airport\classes\Passenger.js">
      <metrics statements="10" coveredstatements="10" conditionals="0" coveredconditionals="0" methods="5" coveredmethods="5"/>
      <line num="1" count="3" type="stmt"/>
      <line num="2" count="3" type="stmt"/>
      <line num="12" count="6" type="stmt"/>
      <line num="13" count="6" type="stmt"/>
      <line num="21" count="2" type="stmt"/>
      <line num="22" count="2" type="stmt"/>
      <line num="31" count="1" type="stmt"/>
      <line num="32" count="1" type="stmt"/>
      <line num="39" count="3" type="stmt"/>
      <line num="42" count="3" type="stmt"/>
    </file>
    <file name="Person.js" path="C:\Dev\JavaScript\whitehatbootcamp\airport\classes\Person.js">
      <metrics statements="3" coveredstatements="3" conditionals="2" coveredconditionals="2" methods="1" coveredmethods="1"/>
      <line num="8" count="11" type="cond" truecount="2" falsecount="0"/>
      <line num="9" count="9" type="stmt"/>
      <line num="13" count="5" type="stmt"/>
    </file>
    <file name="Plane.js" path="C:\Dev\JavaScript\whitehatbootcamp\airport\classes\Plane.js">
      <metrics statements="18" coveredstatements="14" conditionals="4" coveredconditionals="2" methods="10" coveredmethods="7"/>
      <line num="1" count="2" type="stmt"/>
      <line num="11" count="6" type="cond" truecount="2" falsecount="0"/>
      <line num="13" count="5" type="stmt"/>
      <line num="14" count="5" type="stmt"/>
      <line num="15" count="5" type="stmt"/>
      <line num="16" count="5" type="stmt"/>
      <line num="17" count="5" type="stmt"/>
      <line num="21" count="2" type="stmt"/>
      <line num="22" count="3" type="stmt"/>
      <line num="26" count="2" type="stmt"/>
      <line num="27" count="3" type="stmt"/>
      <line num="32" count="0" type="stmt"/>
      <line num="33" count="0" type="stmt"/>
      <line num="35" count="0" type="stmt"/>
      <line num="36" count="0" type="stmt"/>
      <line num="44" count="1" type="stmt"/>
      <line num="51" count="1" type="stmt"/>
      <line num="55" count="2" type="stmt"/>
    </file>
  </project>
</coverage>
