{"C:\\Dev\\JavaScript\\whitehatbootcamp\\airport\\Airport.js": {"path":"C:\\Dev\\JavaScript\\whitehatbootcamp\\airport\\Airport.js","statementMap":{"0":{"start":{"line":1,"column":14},"end":{"line":1,"column":32}},"1":{"start":{"line":2,"column":11},"end":{"line":2,"column":24}},"2":{"start":{"line":5,"column":22},"end":{"line":5,"column":24}},"3":{"start":{"line":8,"column":8},"end":{"line":8,"column":24}},"4":{"start":{"line":9,"column":8},"end":{"line":9,"column":24}},"5":{"start":{"line":10,"column":8},"end":{"line":10,"column":44}},"6":{"start":{"line":18,"column":8},"end":{"line":18,"column":79}},"7":{"start":{"line":19,"column":8},"end":{"line":19,"column":31}},"8":{"start":{"line":28,"column":8},"end":{"line":32,"column":10}},"9":{"start":{"line":29,"column":12},"end":{"line":31,"column":13}},"10":{"start":{"line":30,"column":16},"end":{"line":30,"column":30}},"11":{"start":{"line":40,"column":22},"end":{"line":40,"column":48}},"12":{"start":{"line":41,"column":8},"end":{"line":41,"column":110}},"13":{"start":{"line":42,"column":8},"end":{"line":42,"column":36}},"14":{"start":{"line":43,"column":8},"end":{"line":47,"column":10}},"15":{"start":{"line":44,"column":12},"end":{"line":46,"column":13}},"16":{"start":{"line":45,"column":16},"end":{"line":45,"column":40}},"17":{"start":{"line":54,"column":8},"end":{"line":54,"column":34}},"18":{"start":{"line":61,"column":8},"end":{"line":69,"column":11}},"19":{"start":{"line":62,"column":12},"end":{"line":68,"column":14}},"20":{"start":{"line":63,"column":16},"end":{"line":63,"column":43}},"21":{"start":{"line":63,"column":25},"end":{"line":63,"column":43}},"22":{"start":{"line":65,"column":33},"end":{"line":65,"column":57}},"23":{"start":{"line":66,"column":34},"end":{"line":66,"column":161}},"24":{"start":{"line":66,"column":78},"end":{"line":66,"column":118}},"25":{"start":{"line":66,"column":139},"end":{"line":66,"column":160}},"26":{"start":{"line":67,"column":16},"end":{"line":67,"column":32}},"27":{"start":{"line":74,"column":0},"end":{"line":74,"column":24}}},"fnMap":{"0":{"name":"(anonymous_0)","decl":{"start":{"line":7,"column":4},"end":{"line":7,"column":5}},"loc":{"start":{"line":7,"column":21},"end":{"line":11,"column":5}},"line":7},"1":{"name":"(anonymous_1)","decl":{"start":{"line":17,"column":4},"end":{"line":17,"column":5}},"loc":{"start":{"line":17,"column":20},"end":{"line":20,"column":5}},"line":17},"2":{"name":"(anonymous_2)","decl":{"start":{"line":27,"column":4},"end":{"line":27,"column":5}},"loc":{"start":{"line":27,"column":21},"end":{"line":33,"column":5}},"line":27},"3":{"name":"(anonymous_3)","decl":{"start":{"line":28,"column":42},"end":{"line":28,"column":43}},"loc":{"start":{"line":28,"column":53},"end":{"line":32,"column":9}},"line":28},"4":{"name":"(anonymous_4)","decl":{"start":{"line":39,"column":4},"end":{"line":39,"column":5}},"loc":{"start":{"line":39,"column":23},"end":{"line":48,"column":5}},"line":39},"5":{"name":"(anonymous_5)","decl":{"start":{"line":43,"column":42},"end":{"line":43,"column":43}},"loc":{"start":{"line":43,"column":53},"end":{"line":47,"column":9}},"line":43},"6":{"name":"(anonymous_6)","decl":{"start":{"line":53,"column":4},"end":{"line":53,"column":5}},"loc":{"start":{"line":53,"column":17},"end":{"line":55,"column":5}},"line":53},"7":{"name":"(anonymous_7)","decl":{"start":{"line":60,"column":4},"end":{"line":60,"column":5}},"loc":{"start":{"line":60,"column":14},"end":{"line":70,"column":5}},"line":60},"8":{"name":"(anonymous_8)","decl":{"start":{"line":61,"column":27},"end":{"line":61,"column":28}},"loc":{"start":{"line":61,"column":48},"end":{"line":69,"column":9}},"line":61},"9":{"name":"(anonymous_9)","decl":{"start":{"line":62,"column":49},"end":{"line":62,"column":50}},"loc":{"start":{"line":62,"column":64},"end":{"line":68,"column":13}},"line":62},"10":{"name":"(anonymous_10)","decl":{"start":{"line":66,"column":63},"end":{"line":66,"column":64}},"loc":{"start":{"line":66,"column":78},"end":{"line":66,"column":118}},"line":66},"11":{"name":"(anonymous_11)","decl":{"start":{"line":66,"column":124},"end":{"line":66,"column":125}},"loc":{"start":{"line":66,"column":139},"end":{"line":66,"column":160}},"line":66}},"branchMap":{"0":{"loc":{"start":{"line":29,"column":12},"end":{"line":31,"column":13}},"type":"if","locations":[{"start":{"line":29,"column":12},"end":{"line":31,"column":13}},{"start":{"line":29,"column":12},"end":{"line":31,"column":13}}],"line":29},"1":{"loc":{"start":{"line":44,"column":12},"end":{"line":46,"column":13}},"type":"if","locations":[{"start":{"line":44,"column":12},"end":{"line":46,"column":13}},{"start":{"line":44,"column":12},"end":{"line":46,"column":13}}],"line":44},"2":{"loc":{"start":{"line":63,"column":16},"end":{"line":63,"column":43}},"type":"if","locations":[{"start":{"line":63,"column":16},"end":{"line":63,"column":43}},{"start":{"line":63,"column":16},"end":{"line":63,"column":43}}],"line":63}},"s":{"0":1,"1":1,"2":1,"3":7,"4":7,"5":7,"6":2,"7":2,"8":1,"9":4,"10":1,"11":1,"12":1,"13":1,"14":1,"15":2,"16":0,"17":1,"18":3,"19":3,"20":3,"21":0,"22":3,"23":3,"24":86604,"25":3,"26":3,"27":1},"f":{"0":7,"1":2,"2":1,"3":4,"4":1,"5":2,"6":1,"7":3,"8":3,"9":3,"10":86604,"11":3},"b":{"0":[1,3],"1":[0,2],"2":[0,3]},"_coverageSchema":"1a1c01bbd47fc00a2c39e90264f33305004495a9","hash":"604b77bfc4123883d72445b38d59ed34c8c83e56"}
,"C:\\Dev\\JavaScript\\whitehatbootcamp\\airport\\Bag.js": {"path":"C:\\Dev\\JavaScript\\whitehatbootcamp\\airport\\Bag.js","statementMap":{"0":{"start":{"line":8,"column":8},"end":{"line":8,"column":70}},"1":{"start":{"line":8,"column":23},"end":{"line":8,"column":68}},"2":{"start":{"line":9,"column":8},"end":{"line":9,"column":72}},"3":{"start":{"line":9,"column":26},"end":{"line":9,"column":70}},"4":{"start":{"line":11,"column":8},"end":{"line":11,"column":29}},"5":{"start":{"line":15,"column":0},"end":{"line":15,"column":20}}},"fnMap":{"0":{"name":"(anonymous_0)","decl":{"start":{"line":7,"column":4},"end":{"line":7,"column":5}},"loc":{"start":{"line":7,"column":23},"end":{"line":12,"column":5}},"line":7}},"branchMap":{"0":{"loc":{"start":{"line":8,"column":8},"end":{"line":8,"column":70}},"type":"if","locations":[{"start":{"line":8,"column":8},"end":{"line":8,"column":70}},{"start":{"line":8,"column":8},"end":{"line":8,"column":70}}],"line":8},"1":{"loc":{"start":{"line":9,"column":8},"end":{"line":9,"column":72}},"type":"if","locations":[{"start":{"line":9,"column":8},"end":{"line":9,"column":72}},{"start":{"line":9,"column":8},"end":{"line":9,"column":72}}],"line":9}},"s":{"0":6,"1":1,"2":5,"3":1,"4":4,"5":4},"f":{"0":6},"b":{"0":[1,5],"1":[1,4]},"_coverageSchema":"1a1c01bbd47fc00a2c39e90264f33305004495a9","hash":"8c8043fae3927b75c76b6573fdb73367eb8312d6"}
,"C:\\Dev\\JavaScript\\whitehatbootcamp\\airport\\Passenger.js": {"path":"C:\\Dev\\JavaScript\\whitehatbootcamp\\airport\\Passenger.js","statementMap":{"0":{"start":{"line":1,"column":12},"end":{"line":1,"column":28}},"1":{"start":{"line":9,"column":8},"end":{"line":9,"column":70}},"2":{"start":{"line":9,"column":21},"end":{"line":9,"column":68}},"3":{"start":{"line":11,"column":8},"end":{"line":11,"column":24}},"4":{"start":{"line":12,"column":8},"end":{"line":12,"column":22}},"5":{"start":{"line":19,"column":8},"end":{"line":19,"column":27}},"6":{"start":{"line":26,"column":22},"end":{"line":26,"column":44}},"7":{"start":{"line":27,"column":8},"end":{"line":27,"column":34}},"8":{"start":{"line":34,"column":8},"end":{"line":34,"column":32}},"9":{"start":{"line":38,"column":0},"end":{"line":38,"column":26}}},"fnMap":{"0":{"name":"(anonymous_0)","decl":{"start":{"line":8,"column":4},"end":{"line":8,"column":5}},"loc":{"start":{"line":8,"column":21},"end":{"line":13,"column":5}},"line":8},"1":{"name":"(anonymous_1)","decl":{"start":{"line":18,"column":4},"end":{"line":18,"column":5}},"loc":{"start":{"line":18,"column":15},"end":{"line":20,"column":5}},"line":18},"2":{"name":"(anonymous_2)","decl":{"start":{"line":25,"column":4},"end":{"line":25,"column":5}},"loc":{"start":{"line":25,"column":18},"end":{"line":28,"column":5}},"line":25},"3":{"name":"(anonymous_3)","decl":{"start":{"line":33,"column":4},"end":{"line":33,"column":5}},"loc":{"start":{"line":33,"column":15},"end":{"line":35,"column":5}},"line":33}},"branchMap":{"0":{"loc":{"start":{"line":9,"column":8},"end":{"line":9,"column":70}},"type":"if","locations":[{"start":{"line":9,"column":8},"end":{"line":9,"column":70}},{"start":{"line":9,"column":8},"end":{"line":9,"column":70}}],"line":9}},"s":{"0":3,"1":7,"2":1,"3":6,"4":6,"5":2,"6":1,"7":1,"8":3,"9":3},"f":{"0":7,"1":2,"2":1,"3":3},"b":{"0":[1,6]},"_coverageSchema":"1a1c01bbd47fc00a2c39e90264f33305004495a9","hash":"3d26270733d973ff8f801b1b1d0f4f80248861e7"}
,"C:\\Dev\\JavaScript\\whitehatbootcamp\\airport\\Plane.js": {"path":"C:\\Dev\\JavaScript\\whitehatbootcamp\\airport\\Plane.js","statementMap":{"0":{"start":{"line":1,"column":18},"end":{"line":1,"column":40}},"1":{"start":{"line":9,"column":8},"end":{"line":9,"column":28}},"2":{"start":{"line":10,"column":8},"end":{"line":10,"column":38}},"3":{"start":{"line":11,"column":8},"end":{"line":11,"column":40}},"4":{"start":{"line":12,"column":8},"end":{"line":12,"column":26}},"5":{"start":{"line":19,"column":8},"end":{"line":19,"column":42}},"6":{"start":{"line":20,"column":8},"end":{"line":22,"column":11}},"7":{"start":{"line":21,"column":12},"end":{"line":21,"column":83}},"8":{"start":{"line":30,"column":8},"end":{"line":30,"column":39}},"9":{"start":{"line":31,"column":8},"end":{"line":31,"column":79}},"10":{"start":{"line":38,"column":8},"end":{"line":38,"column":37}},"11":{"start":{"line":42,"column":0},"end":{"line":42,"column":22}}},"fnMap":{"0":{"name":"(anonymous_0)","decl":{"start":{"line":8,"column":4},"end":{"line":8,"column":5}},"loc":{"start":{"line":8,"column":50},"end":{"line":13,"column":5}},"line":8},"1":{"name":"(anonymous_1)","decl":{"start":{"line":18,"column":4},"end":{"line":18,"column":5}},"loc":{"start":{"line":18,"column":31},"end":{"line":23,"column":5}},"line":18},"2":{"name":"(anonymous_2)","decl":{"start":{"line":20,"column":32},"end":{"line":20,"column":33}},"loc":{"start":{"line":20,"column":45},"end":{"line":22,"column":9}},"line":20},"3":{"name":"(anonymous_3)","decl":{"start":{"line":29,"column":4},"end":{"line":29,"column":5}},"loc":{"start":{"line":29,"column":29},"end":{"line":32,"column":5}},"line":29},"4":{"name":"(anonymous_4)","decl":{"start":{"line":37,"column":4},"end":{"line":37,"column":5}},"loc":{"start":{"line":37,"column":20},"end":{"line":39,"column":5}},"line":37}},"branchMap":{},"s":{"0":2,"1":5,"2":5,"3":5,"4":5,"5":1,"6":1,"7":0,"8":1,"9":1,"10":0,"11":2},"f":{"0":5,"1":1,"2":0,"3":1,"4":0},"b":{},"_coverageSchema":"1a1c01bbd47fc00a2c39e90264f33305004495a9","hash":"a565a402f659222db6177c7009a8ddb753c7442d"}
}
