{"C:\\Dev\\JavaScript\\whitehatbootcamp\\airport\\classes\\Airport.js": {"path":"C:\\Dev\\JavaScript\\whitehatbootcamp\\airport\\classes\\Airport.js","statementMap":{"0":{"start":{"line":1,"column":14},"end":{"line":1,"column":32}},"1":{"start":{"line":2,"column":11},"end":{"line":2,"column":24}},"2":{"start":{"line":5,"column":22},"end":{"line":5,"column":24}},"3":{"start":{"line":12,"column":8},"end":{"line":12,"column":24}},"4":{"start":{"line":13,"column":8},"end":{"line":13,"column":24}},"5":{"start":{"line":14,"column":8},"end":{"line":14,"column":44}},"6":{"start":{"line":22,"column":8},"end":{"line":22,"column":79}},"7":{"start":{"line":23,"column":8},"end":{"line":23,"column":31}},"8":{"start":{"line":32,"column":8},"end":{"line":36,"column":10}},"9":{"start":{"line":33,"column":12},"end":{"line":35,"column":13}},"10":{"start":{"line":34,"column":16},"end":{"line":34,"column":30}},"11":{"start":{"line":37,"column":8},"end":{"line":37,"column":76}},"12":{"start":{"line":45,"column":22},"end":{"line":45,"column":48}},"13":{"start":{"line":46,"column":8},"end":{"line":46,"column":36}},"14":{"start":{"line":47,"column":8},"end":{"line":47,"column":110}},"15":{"start":{"line":49,"column":8},"end":{"line":53,"column":10}},"16":{"start":{"line":50,"column":12},"end":{"line":52,"column":13}},"17":{"start":{"line":51,"column":16},"end":{"line":51,"column":40}},"18":{"start":{"line":60,"column":8},"end":{"line":60,"column":34}},"19":{"start":{"line":67,"column":8},"end":{"line":78,"column":11}},"20":{"start":{"line":68,"column":12},"end":{"line":77,"column":14}},"21":{"start":{"line":69,"column":16},"end":{"line":69,"column":43}},"22":{"start":{"line":69,"column":25},"end":{"line":69,"column":43}},"23":{"start":{"line":71,"column":33},"end":{"line":71,"column":57}},"24":{"start":{"line":72,"column":34},"end":{"line":72,"column":161}},"25":{"start":{"line":72,"column":78},"end":{"line":72,"column":118}},"26":{"start":{"line":72,"column":139},"end":{"line":72,"column":160}},"27":{"start":{"line":74,"column":16},"end":{"line":74,"column":69}},"28":{"start":{"line":74,"column":44},"end":{"line":74,"column":67}},"29":{"start":{"line":76,"column":16},"end":{"line":76,"column":32}},"30":{"start":{"line":83,"column":0},"end":{"line":83,"column":24}}},"fnMap":{"0":{"name":"(anonymous_0)","decl":{"start":{"line":11,"column":4},"end":{"line":11,"column":5}},"loc":{"start":{"line":11,"column":21},"end":{"line":15,"column":5}},"line":11},"1":{"name":"(anonymous_1)","decl":{"start":{"line":21,"column":4},"end":{"line":21,"column":5}},"loc":{"start":{"line":21,"column":20},"end":{"line":24,"column":5}},"line":21},"2":{"name":"(anonymous_2)","decl":{"start":{"line":31,"column":4},"end":{"line":31,"column":5}},"loc":{"start":{"line":31,"column":21},"end":{"line":38,"column":5}},"line":31},"3":{"name":"(anonymous_3)","decl":{"start":{"line":32,"column":42},"end":{"line":32,"column":43}},"loc":{"start":{"line":32,"column":53},"end":{"line":36,"column":9}},"line":32},"4":{"name":"(anonymous_4)","decl":{"start":{"line":44,"column":4},"end":{"line":44,"column":5}},"loc":{"start":{"line":44,"column":23},"end":{"line":54,"column":5}},"line":44},"5":{"name":"(anonymous_5)","decl":{"start":{"line":49,"column":42},"end":{"line":49,"column":43}},"loc":{"start":{"line":49,"column":53},"end":{"line":53,"column":9}},"line":49},"6":{"name":"(anonymous_6)","decl":{"start":{"line":59,"column":4},"end":{"line":59,"column":5}},"loc":{"start":{"line":59,"column":17},"end":{"line":61,"column":5}},"line":59},"7":{"name":"(anonymous_7)","decl":{"start":{"line":66,"column":4},"end":{"line":66,"column":5}},"loc":{"start":{"line":66,"column":14},"end":{"line":79,"column":5}},"line":66},"8":{"name":"(anonymous_8)","decl":{"start":{"line":67,"column":27},"end":{"line":67,"column":28}},"loc":{"start":{"line":67,"column":48},"end":{"line":78,"column":9}},"line":67},"9":{"name":"(anonymous_9)","decl":{"start":{"line":68,"column":54},"end":{"line":68,"column":55}},"loc":{"start":{"line":68,"column":69},"end":{"line":77,"column":13}},"line":68},"10":{"name":"(anonymous_10)","decl":{"start":{"line":72,"column":63},"end":{"line":72,"column":64}},"loc":{"start":{"line":72,"column":78},"end":{"line":72,"column":118}},"line":72},"11":{"name":"(anonymous_11)","decl":{"start":{"line":72,"column":124},"end":{"line":72,"column":125}},"loc":{"start":{"line":72,"column":139},"end":{"line":72,"column":160}},"line":72}},"branchMap":{"0":{"loc":{"start":{"line":33,"column":12},"end":{"line":35,"column":13}},"type":"if","locations":[{"start":{"line":33,"column":12},"end":{"line":35,"column":13}},{"start":{"line":33,"column":12},"end":{"line":35,"column":13}}],"line":33},"1":{"loc":{"start":{"line":50,"column":12},"end":{"line":52,"column":13}},"type":"if","locations":[{"start":{"line":50,"column":12},"end":{"line":52,"column":13}},{"start":{"line":50,"column":12},"end":{"line":52,"column":13}}],"line":50},"2":{"loc":{"start":{"line":69,"column":16},"end":{"line":69,"column":43}},"type":"if","locations":[{"start":{"line":69,"column":16},"end":{"line":69,"column":43}},{"start":{"line":69,"column":16},"end":{"line":69,"column":43}}],"line":69},"3":{"loc":{"start":{"line":74,"column":16},"end":{"line":74,"column":69}},"type":"if","locations":[{"start":{"line":74,"column":16},"end":{"line":74,"column":69}},{"start":{"line":74,"column":16},"end":{"line":74,"column":69}}],"line":74}},"s":{"0":1,"1":1,"2":1,"3":7,"4":7,"5":7,"6":3,"7":3,"8":1,"9":4,"10":0,"11":1,"12":1,"13":1,"14":1,"15":1,"16":3,"17":1,"18":1,"19":3,"20":3,"21":3,"22":0,"23":3,"24":3,"25":86604,"26":3,"27":3,"28":0,"29":3,"30":1},"f":{"0":7,"1":3,"2":1,"3":4,"4":1,"5":3,"6":1,"7":3,"8":3,"9":3,"10":86604,"11":3},"b":{"0":[0,4],"1":[1,2],"2":[0,3],"3":[0,3]},"_coverageSchema":"1a1c01bbd47fc00a2c39e90264f33305004495a9","hash":"e97afb3f4ef4b1e4aeb0a15a1b1377acf710f61a"}
,"C:\\Dev\\JavaScript\\whitehatbootcamp\\airport\\classes\\Bag.js": {"path":"C:\\Dev\\JavaScript\\whitehatbootcamp\\airport\\classes\\Bag.js","statementMap":{"0":{"start":{"line":8,"column":8},"end":{"line":8,"column":70}},"1":{"start":{"line":8,"column":23},"end":{"line":8,"column":68}},"2":{"start":{"line":9,"column":8},"end":{"line":9,"column":72}},"3":{"start":{"line":9,"column":26},"end":{"line":9,"column":70}},"4":{"start":{"line":11,"column":8},"end":{"line":11,"column":29}},"5":{"start":{"line":15,"column":0},"end":{"line":15,"column":20}}},"fnMap":{"0":{"name":"(anonymous_0)","decl":{"start":{"line":7,"column":4},"end":{"line":7,"column":5}},"loc":{"start":{"line":7,"column":23},"end":{"line":12,"column":5}},"line":7}},"branchMap":{"0":{"loc":{"start":{"line":8,"column":8},"end":{"line":8,"column":70}},"type":"if","locations":[{"start":{"line":8,"column":8},"end":{"line":8,"column":70}},{"start":{"line":8,"column":8},"end":{"line":8,"column":70}}],"line":8},"1":{"loc":{"start":{"line":9,"column":8},"end":{"line":9,"column":72}},"type":"if","locations":[{"start":{"line":9,"column":8},"end":{"line":9,"column":72}},{"start":{"line":9,"column":8},"end":{"line":9,"column":72}}],"line":9}},"s":{"0":6,"1":1,"2":5,"3":1,"4":4,"5":4},"f":{"0":6},"b":{"0":[1,5],"1":[1,4]},"_coverageSchema":"1a1c01bbd47fc00a2c39e90264f33305004495a9","hash":"bea1a03f7f0cfa1aad7cabfc649efcccba45f7a6"}
,"C:\\Dev\\JavaScript\\whitehatbootcamp\\airport\\classes\\Crew.js": {"path":"C:\\Dev\\JavaScript\\whitehatbootcamp\\airport\\classes\\Crew.js","statementMap":{"0":{"start":{"line":1,"column":15},"end":{"line":1,"column":34}},"1":{"start":{"line":10,"column":8},"end":{"line":10,"column":19}},"2":{"start":{"line":14,"column":0},"end":{"line":14,"column":21}}},"fnMap":{"0":{"name":"(anonymous_0)","decl":{"start":{"line":9,"column":4},"end":{"line":9,"column":5}},"loc":{"start":{"line":9,"column":21},"end":{"line":11,"column":5}},"line":9}},"branchMap":{},"s":{"0":2,"1":4,"2":2},"f":{"0":4},"b":{},"_coverageSchema":"1a1c01bbd47fc00a2c39e90264f33305004495a9","hash":"9141078e845e837c82556ff9800c902b2473cc2b"}
,"C:\\Dev\\JavaScript\\whitehatbootcamp\\airport\\classes\\Passenger.js": {"path":"C:\\Dev\\JavaScript\\whitehatbootcamp\\airport\\classes\\Passenger.js","statementMap":{"0":{"start":{"line":1,"column":15},"end":{"line":1,"column":34}},"1":{"start":{"line":2,"column":12},"end":{"line":2,"column":28}},"2":{"start":{"line":12,"column":8},"end":{"line":12,"column":19}},"3":{"start":{"line":13,"column":8},"end":{"line":13,"column":22}},"4":{"start":{"line":21,"column":8},"end":{"line":23,"column":11}},"5":{"start":{"line":22,"column":12},"end":{"line":22,"column":31}},"6":{"start":{"line":31,"column":22},"end":{"line":31,"column":44}},"7":{"start":{"line":32,"column":8},"end":{"line":32,"column":34}},"8":{"start":{"line":39,"column":8},"end":{"line":39,"column":32}},"9":{"start":{"line":42,"column":0},"end":{"line":42,"column":26}}},"fnMap":{"0":{"name":"(anonymous_0)","decl":{"start":{"line":11,"column":4},"end":{"line":11,"column":5}},"loc":{"start":{"line":11,"column":21},"end":{"line":14,"column":5}},"line":11},"1":{"name":"(anonymous_1)","decl":{"start":{"line":20,"column":4},"end":{"line":20,"column":5}},"loc":{"start":{"line":20,"column":19},"end":{"line":24,"column":5}},"line":20},"2":{"name":"(anonymous_2)","decl":{"start":{"line":21,"column":21},"end":{"line":21,"column":22}},"loc":{"start":{"line":21,"column":28},"end":{"line":23,"column":9}},"line":21},"3":{"name":"(anonymous_3)","decl":{"start":{"line":30,"column":4},"end":{"line":30,"column":5}},"loc":{"start":{"line":30,"column":18},"end":{"line":33,"column":5}},"line":30},"4":{"name":"(anonymous_4)","decl":{"start":{"line":38,"column":4},"end":{"line":38,"column":5}},"loc":{"start":{"line":38,"column":15},"end":{"line":40,"column":5}},"line":38}},"branchMap":{},"s":{"0":3,"1":3,"2":6,"3":6,"4":2,"5":2,"6":1,"7":1,"8":3,"9":3},"f":{"0":6,"1":2,"2":2,"3":1,"4":3},"b":{},"_coverageSchema":"1a1c01bbd47fc00a2c39e90264f33305004495a9","hash":"b0f2339f96993b009b17bdea766fedb51f8e5ba0"}
,"C:\\Dev\\JavaScript\\whitehatbootcamp\\airport\\classes\\Person.js": {"path":"C:\\Dev\\JavaScript\\whitehatbootcamp\\airport\\classes\\Person.js","statementMap":{"0":{"start":{"line":8,"column":8},"end":{"line":8,"column":67}},"1":{"start":{"line":8,"column":21},"end":{"line":8,"column":65}},"2":{"start":{"line":9,"column":8},"end":{"line":9,"column":24}},"3":{"start":{"line":13,"column":0},"end":{"line":13,"column":23}}},"fnMap":{"0":{"name":"(anonymous_0)","decl":{"start":{"line":7,"column":4},"end":{"line":7,"column":5}},"loc":{"start":{"line":7,"column":21},"end":{"line":10,"column":5}},"line":7}},"branchMap":{"0":{"loc":{"start":{"line":8,"column":8},"end":{"line":8,"column":67}},"type":"if","locations":[{"start":{"line":8,"column":8},"end":{"line":8,"column":67}},{"start":{"line":8,"column":8},"end":{"line":8,"column":67}}],"line":8}},"s":{"0":11,"1":2,"2":9,"3":5},"f":{"0":11},"b":{"0":[2,9]},"_coverageSchema":"1a1c01bbd47fc00a2c39e90264f33305004495a9","hash":"4eff7244ff58c0d2aae0faa212b680be59bdbddb"}
,"C:\\Dev\\JavaScript\\whitehatbootcamp\\airport\\classes\\Plane.js": {"path":"C:\\Dev\\JavaScript\\whitehatbootcamp\\airport\\classes\\Plane.js","statementMap":{"0":{"start":{"line":1,"column":18},"end":{"line":1,"column":40}},"1":{"start":{"line":11,"column":8},"end":{"line":11,"column":81}},"2":{"start":{"line":11,"column":28},"end":{"line":11,"column":80}},"3":{"start":{"line":13,"column":8},"end":{"line":13,"column":28}},"4":{"start":{"line":14,"column":8},"end":{"line":14,"column":38}},"5":{"start":{"line":15,"column":8},"end":{"line":15,"column":40}},"6":{"start":{"line":16,"column":8},"end":{"line":16,"column":26}},"7":{"start":{"line":17,"column":8},"end":{"line":17,"column":22}},"8":{"start":{"line":21,"column":8},"end":{"line":23,"column":10}},"9":{"start":{"line":22,"column":12},"end":{"line":22,"column":43}},"10":{"start":{"line":26,"column":8},"end":{"line":28,"column":10}},"11":{"start":{"line":27,"column":12},"end":{"line":27,"column":38}},"12":{"start":{"line":32,"column":8},"end":{"line":34,"column":10}},"13":{"start":{"line":33,"column":12},"end":{"line":33,"column":96}},"14":{"start":{"line":35,"column":8},"end":{"line":37,"column":10}},"15":{"start":{"line":36,"column":12},"end":{"line":36,"column":92}},"16":{"start":{"line":44,"column":8},"end":{"line":44,"column":37}},"17":{"start":{"line":51,"column":8},"end":{"line":51,"column":31}},"18":{"start":{"line":55,"column":0},"end":{"line":55,"column":22}}},"fnMap":{"0":{"name":"(anonymous_0)","decl":{"start":{"line":10,"column":4},"end":{"line":10,"column":5}},"loc":{"start":{"line":10,"column":56},"end":{"line":18,"column":5}},"line":10},"1":{"name":"(anonymous_1)","decl":{"start":{"line":20,"column":4},"end":{"line":20,"column":5}},"loc":{"start":{"line":20,"column":32},"end":{"line":24,"column":5}},"line":20},"2":{"name":"(anonymous_2)","decl":{"start":{"line":21,"column":27},"end":{"line":21,"column":28}},"loc":{"start":{"line":21,"column":40},"end":{"line":23,"column":9}},"line":21},"3":{"name":"(anonymous_3)","decl":{"start":{"line":25,"column":4},"end":{"line":25,"column":5}},"loc":{"start":{"line":25,"column":20},"end":{"line":29,"column":5}},"line":25},"4":{"name":"(anonymous_4)","decl":{"start":{"line":26,"column":21},"end":{"line":26,"column":22}},"loc":{"start":{"line":26,"column":35},"end":{"line":28,"column":9}},"line":26},"5":{"name":"(anonymous_5)","decl":{"start":{"line":31,"column":4},"end":{"line":31,"column":5}},"loc":{"start":{"line":31,"column":11},"end":{"line":38,"column":5}},"line":31},"6":{"name":"(anonymous_6)","decl":{"start":{"line":32,"column":32},"end":{"line":32,"column":33}},"loc":{"start":{"line":32,"column":45},"end":{"line":34,"column":9}},"line":32},"7":{"name":"(anonymous_7)","decl":{"start":{"line":35,"column":26},"end":{"line":35,"column":27}},"loc":{"start":{"line":35,"column":40},"end":{"line":37,"column":9}},"line":35},"8":{"name":"(anonymous_8)","decl":{"start":{"line":43,"column":4},"end":{"line":43,"column":5}},"loc":{"start":{"line":43,"column":20},"end":{"line":45,"column":5}},"line":43},"9":{"name":"(anonymous_9)","decl":{"start":{"line":50,"column":4},"end":{"line":50,"column":5}},"loc":{"start":{"line":50,"column":15},"end":{"line":52,"column":5}},"line":50}},"branchMap":{"0":{"loc":{"start":{"line":10,"column":16},"end":{"line":10,"column":25}},"type":"default-arg","locations":[{"start":{"line":10,"column":23},"end":{"line":10,"column":25}}],"line":10},"1":{"loc":{"start":{"line":10,"column":27},"end":{"line":10,"column":41}},"type":"default-arg","locations":[{"start":{"line":10,"column":39},"end":{"line":10,"column":41}}],"line":10},"2":{"loc":{"start":{"line":11,"column":8},"end":{"line":11,"column":81}},"type":"if","locations":[{"start":{"line":11,"column":8},"end":{"line":11,"column":81}},{"start":{"line":11,"column":8},"end":{"line":11,"column":81}}],"line":11}},"s":{"0":2,"1":6,"2":1,"3":5,"4":5,"5":5,"6":5,"7":5,"8":2,"9":3,"10":2,"11":3,"12":0,"13":0,"14":0,"15":0,"16":1,"17":1,"18":2},"f":{"0":6,"1":2,"2":3,"3":2,"4":3,"5":0,"6":0,"7":0,"8":1,"9":1},"b":{"0":[0],"1":[0],"2":[1,5]},"_coverageSchema":"1a1c01bbd47fc00a2c39e90264f33305004495a9","hash":"adc149d1bac828f38e9f5fa160eed65f99b65c3f"}
}
