TN:
SF:airport\Airport.js
FN:7,(anonymous_0)
FN:17,(anonymous_1)
FN:27,(anonymous_2)
FN:28,(anonymous_3)
FN:39,(anonymous_4)
FN:43,(anonymous_5)
FN:53,(anonymous_6)
FN:60,(anonymous_7)
FN:61,(anonymous_8)
FN:62,(anonymous_9)
FN:66,(anonymous_10)
FN:66,(anonymous_11)
FNF:12
FNH:12
FNDA:7,(anonymous_0)
FNDA:2,(anonymous_1)
FNDA:1,(anonymous_2)
FNDA:4,(anonymous_3)
FNDA:1,(anonymous_4)
FNDA:2,(anonymous_5)
FNDA:1,(anonymous_6)
FNDA:3,(anonymous_7)
FNDA:3,(anonymous_8)
FNDA:3,(anonymous_9)
FNDA:86604,(anonymous_10)
FNDA:3,(anonymous_11)
DA:1,1
DA:2,1
DA:5,1
DA:8,7
DA:9,7
DA:10,7
DA:18,2
DA:19,2
DA:28,1
DA:29,4
DA:30,1
DA:40,1
DA:41,1
DA:42,1
DA:43,1
DA:44,2
DA:45,0
DA:54,1
DA:61,3
DA:62,3
DA:63,3
DA:65,3
DA:66,86604
DA:67,3
DA:74,1
LF:25
LH:24
BRDA:29,0,0,1
BRDA:29,0,1,3
BRDA:44,1,0,0
BRDA:44,1,1,2
BRDA:63,2,0,0
BRDA:63,2,1,3
BRF:6
BRH:4
end_of_record
TN:
SF:airport\Bag.js
FN:7,(anonymous_0)
FNF:1
FNH:1
FNDA:6,(anonymous_0)
DA:8,6
DA:9,5
DA:11,4
DA:15,4
LF:4
LH:4
BRDA:8,0,0,1
BRDA:8,0,1,5
BRDA:9,1,0,1
BRDA:9,1,1,4
BRF:4
BRH:4
end_of_record
TN:
SF:airport\Passenger.js
FN:8,(anonymous_0)
FN:18,(anonymous_1)
FN:25,(anonymous_2)
FN:33,(anonymous_3)
FNF:4
FNH:4
FNDA:7,(anonymous_0)
FNDA:2,(anonymous_1)
FNDA:1,(anonymous_2)
FNDA:3,(anonymous_3)
DA:1,3
DA:9,7
DA:11,6
DA:12,6
DA:19,2
DA:26,1
DA:27,1
DA:34,3
DA:38,3
LF:9
LH:9
BRDA:9,0,0,1
BRDA:9,0,1,6
BRF:2
BRH:2
end_of_record
TN:
SF:airport\Plane.js
FN:8,(anonymous_0)
FN:18,(anonymous_1)
FN:20,(anonymous_2)
FN:29,(anonymous_3)
FN:37,(anonymous_4)
FNF:5
FNH:3
FNDA:5,(anonymous_0)
FNDA:1,(anonymous_1)
FNDA:0,(anonymous_2)
FNDA:1,(anonymous_3)
FNDA:0,(anonymous_4)
DA:1,2
DA:9,5
DA:10,5
DA:11,5
DA:12,5
DA:19,1
DA:20,1
DA:21,0
DA:30,1
DA:31,1
DA:38,0
DA:42,2
LF:12
LH:10
BRF:0
BRH:0
end_of_record
