TN:
SF:scooter-hire\classes\ChargeStation.js
FN:14,(anonymous_0)
FN:24,(anonymous_1)
FN:33,(anonymous_2)
FN:34,(anonymous_3)
FN:36,(anonymous_4)
FN:37,(anonymous_5)
FN:53,(anonymous_6)
FN:54,(anonymous_7)
FN:71,(anonymous_8)
FN:77,(anonymous_9)
FN:97,(anonymous_10)
FN:101,(anonymous_11)
FNF:12
FNH:6
FNDA:9,(anonymous_0)
FNDA:2,(anonymous_1)
FNDA:0,(anonymous_2)
FNDA:0,(anonymous_3)
FNDA:0,(anonymous_4)
FNDA:0,(anonymous_5)
FNDA:1,(anonymous_6)
FNDA:7,(anonymous_7)
FNDA:3,(anonymous_8)
FNDA:12,(anonymous_9)
FNDA:0,(anonymous_10)
FNDA:0,(anonymous_11)
DA:1,2
DA:2,2
DA:6,2
DA:15,9
DA:16,9
DA:17,9
DA:18,9
DA:19,9
DA:20,9
DA:25,2
DA:26,1
DA:34,0
DA:35,0
DA:36,0
DA:37,0
DA:38,0
DA:39,0
DA:41,0
DA:42,0
DA:54,1
DA:55,7
DA:56,1
DA:60,1
DA:61,1
DA:72,3
DA:73,3
DA:74,3
DA:75,3
DA:77,3
DA:78,12
DA:79,12
DA:80,12
DA:82,12
DA:83,3
DA:84,3
DA:85,3
DA:86,3
DA:90,3
DA:91,3
DA:98,0
DA:99,0
DA:101,0
DA:102,0
DA:107,2
LF:44
LH:32
BRDA:25,0,0,1
BRDA:25,0,1,1
BRDA:39,1,0,0
BRDA:39,1,1,0
BRDA:55,2,0,1
BRDA:55,2,1,6
BRDA:82,3,0,3
BRDA:82,3,1,9
BRF:8
BRH:6
end_of_record
TN:
SF:scooter-hire\classes\Customer.js
FN:14,(anonymous_0)
FN:22,(anonymous_1)
FN:30,(anonymous_2)
FN:39,(anonymous_3)
FN:47,(anonymous_4)
FN:59,(anonymous_5)
FNF:6
FNH:6
FNDA:13,(anonymous_0)
FNDA:3,(anonymous_1)
FNDA:2,(anonymous_2)
FNDA:8,(anonymous_3)
FNDA:6,(anonymous_4)
FNDA:2,(anonymous_5)
DA:1,1
DA:2,1
DA:3,1
DA:15,13
DA:16,13
DA:17,13
DA:18,13
DA:19,13
DA:23,3
DA:24,2
DA:26,1
DA:27,1
DA:31,2
DA:40,8
DA:48,6
DA:50,5
DA:51,5
DA:52,5
DA:53,5
DA:60,2
DA:61,2
DA:62,2
DA:66,1
LF:23
LH:23
BRDA:14,0,0,1
BRDA:14,1,0,1
BRDA:14,2,0,1
BRDA:23,3,0,1
BRDA:23,3,1,2
BRDA:24,4,0,1
BRDA:24,4,1,1
BRDA:31,5,0,1
BRDA:31,5,1,1
BRDA:40,6,0,6
BRDA:40,6,1,2
BRDA:48,7,0,1
BRDA:48,7,1,5
BRF:13
BRH:13
end_of_record
TN:
SF:scooter-hire\classes\ElectricScooter.js
FN:3,(anonymous_0)
FN:8,(anonymous_1)
FN:12,(anonymous_2)
FN:18,(anonymous_3)
FN:27,(anonymous_4)
FNF:5
FNH:5
FNDA:13,(anonymous_0)
FNDA:5,(anonymous_1)
FNDA:5,(anonymous_2)
FNDA:1,(anonymous_3)
FNDA:3,(anonymous_4)
DA:1,3
DA:4,13
DA:5,13
DA:9,5
DA:13,5
DA:14,5
DA:15,5
DA:19,1
DA:20,1
DA:22,1
DA:23,1
DA:24,1
DA:28,3
DA:29,2
DA:30,1
DA:34,3
LF:16
LH:16
BRDA:3,0,0,2
BRDA:15,1,0,2
BRDA:15,1,1,3
BRDA:24,2,0,0
BRDA:24,2,1,1
BRDA:28,3,0,1
BRDA:28,3,1,2
BRDA:29,4,0,1
BRDA:29,4,1,1
BRF:9
BRH:8
end_of_record
TN:
SF:scooter-hire\classes\Scooter.js
FN:12,(anonymous_0)
FN:21,(anonymous_1)
FN:29,(anonymous_2)
FNF:3
FNH:3
FNDA:20,(anonymous_0)
FNDA:6,(anonymous_1)
FNDA:1,(anonymous_2)
DA:1,4
DA:6,4
DA:13,20
DA:14,20
DA:22,6
DA:35,4
LF:6
LH:6
BRDA:12,0,0,3
BRF:1
BRH:1
end_of_record
TN:
SF:scooter-hire\classes\Utility.js
FN:1,generateID
FN:10,random
FNF:2
FNH:2
FNDA:30,generateID
FNDA:1,random
DA:2,30
DA:3,30
DA:4,216
DA:5,216
DA:7,30
DA:11,1
DA:14,5
LF:7
LH:7
BRF:0
BRH:0
end_of_record
